#
# There is insufficient memory for the Java Runtime Environment to continue.
# Native memory allocation (mmap) failed to map 1048576 bytes. Error detail: G1 virtual space
# Possible reasons:
#   The system is out of physical RAM or swap space
#   This process is running with CompressedOops enabled, and the Java Heap may be blocking the growth of the native heap
# Possible solutions:
#   Reduce memory load on the system
#   Increase physical memory or swap space
#   Check if swap backing store is full
#   Decrease Java heap size (-Xmx/-Xms)
#   Decrease number of Java threads
#   Decrease Java thread stack sizes (-Xss)
#   Set larger code cache with -XX:ReservedCodeCacheSize=
#   JVM is running with Unscaled Compressed Oops mode in which the Java heap is
#     placed in the first 4GB address space. The Java Heap base address is the
#     maximum limit for the native heap growth. Please use -XX:HeapBaseMinAddress
#     to set the Java Heap base and to place the Java Heap above 4GB virtual address.
# This output file may be truncated or incomplete.
#
#  Out of Memory Error (os_windows.cpp:3714), pid=7532, tid=2960
#
# JRE version: OpenJDK Runtime Environment Temurin-21.0.10+7 (21.0.10+7) (build 21.0.10+7-LTS)
# Java VM: OpenJDK 64-Bit Server VM Temurin-21.0.10+7 (21.0.10+7-LTS, mixed mode, sharing, tiered, compressed oops, compressed class ptrs, g1 gc, windows-amd64)
# No core dump will be written. Minidumps are not enabled by default on client versions of Windows
#

---------------  S U M M A R Y ------------

Command Line: --add-opens=java.base/java.util=ALL-UNNAMED --add-opens=java.base/java.lang=ALL-UNNAMED --add-opens=java.base/java.lang.invoke=ALL-UNNAMED --add-opens=java.prefs/java.util.prefs=ALL-UNNAMED --add-exports=jdk.compiler/com.sun.tools.javac.api=ALL-UNNAMED --add-exports=jdk.compiler/com.sun.tools.javac.util=ALL-UNNAMED --add-opens=java.base/java.nio.charset=ALL-UNNAMED --add-opens=java.base/java.net=ALL-UNNAMED --add-opens=java.base/java.util.concurrent.atomic=ALL-UNNAMED -XX:MaxMetaspaceSize=384m -XX:+HeapDumpOnOutOfMemoryError -Xms256m -Xmx512m -Dfile.encoding=utf8 -Duser.country=GB -Duser.language=en -Duser.variant -javaagent:C:\Users\Hp\.gradle\wrapper\dists\gradle-8.9-bin\90cnw93cvbtalezasaz0blq0a\gradle-8.9\lib\agents\gradle-instrumentation-agent-8.9.jar org.gradle.launcher.daemon.bootstrap.GradleDaemon 8.9

Host: Intel(R) Core(TM) i7-7500U CPU @ 2.70GHz, 4 cores, 7G,  Windows 11 , 64 bit Build 26100 (10.0.26100.8328)
Time: Mon Jun  8 14:42:14 2026 E. Africa Standard Time elapsed time: 532.678267 seconds (0d 0h 8m 52s)

---------------  T H R E A D  ---------------

Current thread (0x000001a1cae06d80):  WorkerThread "GC Thread#2"    [id=2960, stack(0x000000594b000000,0x000000594b100000) (1024K)]

Stack: [0x000000594b000000,0x000000594b100000]
Native frames: (J=compiled Java code, j=interpreted, Vv=VM code, C=native code)
V  [jvm.dll+0x6d7a39]
V  [jvm.dll+0x8b4b26]
V  [jvm.dll+0x8b70de]
V  [jvm.dll+0x8b77c3]
V  [jvm.dll+0x284346]
V  [jvm.dll+0x6d4355]
V  [jvm.dll+0x6c808a]
V  [jvm.dll+0x35edb8]
V  [jvm.dll+0x3669f6]
V  [jvm.dll+0x3b77ff]
V  [jvm.dll+0x3b7e94]
V  [jvm.dll+0x3b7f5f]
V  [jvm.dll+0x33454c]
V  [jvm.dll+0x3342a5]
V  [jvm.dll+0x322eb6]
V  [jvm.dll+0x323cca]
V  [jvm.dll+0x324135]
V  [jvm.dll+0x323b2d]
V  [jvm.dll+0x360bf6]
V  [jvm.dll+0x360f6a]
V  [jvm.dll+0x362053]
V  [jvm.dll+0x361ccb]
V  [jvm.dll+0x375e09]
V  [jvm.dll+0x3764ba]
V  [jvm.dll+0x3765a7]
V  [jvm.dll+0x37745b]
V  [jvm.dll+0x8e2b41]
V  [jvm.dll+0x85f59d]
V  [jvm.dll+0x6d626d]
C  [ucrtbase.dll+0x37b0]
C  [KERNEL32.DLL+0x2e957]
C  [ntdll.dll+0x427c]


---------------  P R O C E S S  ---------------

Threads class SMR info:
_java_thread_list=0x000001a1e7e6d4a0, length=46, elements={
0x000001a1b597e040, 0x000001a1caaa07c0, 0x000001a1caaa1220, 0x000001a1caaa80e0,
0x000001a1caaa92e0, 0x000001a1caae11d0, 0x000001a1caaa9e70, 0x000001a1caaaac00,
0x000001a1caab1ff0, 0x000001a1cad47820, 0x000001a1cad2f140, 0x000001a1e5656710,
0x000001a1cac1a8e0, 0x000001a1cab434c0, 0x000001a1e54222f0, 0x000001a1e5422980,
0x000001a1e54236a0, 0x000001a1e627a920, 0x000001a1e627c360, 0x000001a1e627b640,
0x000001a1e6279570, 0x000001a1e627f150, 0x000001a1e627d080, 0x000001a1e627fe70,
0x000001a1e5d7f470, 0x000001a1e81c16d0, 0x000001a1e81c1040, 0x000001a1e81c1d60,
0x000001a1e81c0320, 0x000001a1e81c09b0, 0x000001a1e81c23f0, 0x000001a1e81c2a80,
0x000001a1e81bf600, 0x000001a1e81c44c0, 0x000001a1e81c3e30, 0x000001a1e81c4b50,
0x000001a1e81c6590, 0x000001a1e81c5870, 0x000001a1e81c5f00, 0x000001a1e81c37a0,
0x000001a1e9d61f10, 0x000001a1e9d611f0, 0x000001a1e9d65a20, 0x000001a1e9d660b0,
0x000001a1e9d66dd0, 0x000001a1e9d67af0
}

Java Threads: ( => current thread )
  0x000001a1b597e040 JavaThread "main"                              [_thread_blocked, id=3496, stack(0x0000005949d00000,0x0000005949e00000) (1024K)]
  0x000001a1caaa07c0 JavaThread "Reference Handler"          daemon [_thread_blocked, id=11204, stack(0x000000594a500000,0x000000594a600000) (1024K)]
  0x000001a1caaa1220 JavaThread "Finalizer"                  daemon [_thread_blocked, id=11332, stack(0x000000594a600000,0x000000594a700000) (1024K)]
  0x000001a1caaa80e0 JavaThread "Signal Dispatcher"          daemon [_thread_blocked, id=22300, stack(0x000000594a700000,0x000000594a800000) (1024K)]
  0x000001a1caaa92e0 JavaThread "Attach Listener"            daemon [_thread_blocked, id=13372, stack(0x000000594a800000,0x000000594a900000) (1024K)]
  0x000001a1caae11d0 JavaThread "Service Thread"             daemon [_thread_blocked, id=960, stack(0x000000594a900000,0x000000594aa00000) (1024K)]
  0x000001a1caaa9e70 JavaThread "Monitor Deflation Thread"   daemon [_thread_blocked, id=9416, stack(0x000000594aa00000,0x000000594ab00000) (1024K)]
  0x000001a1caaaac00 JavaThread "C2 CompilerThread0"         daemon [_thread_blocked, id=22012, stack(0x000000594ab00000,0x000000594ac00000) (1024K)]
  0x000001a1caab1ff0 JavaThread "C1 CompilerThread0"         daemon [_thread_blocked, id=21832, stack(0x000000594ac00000,0x000000594ad00000) (1024K)]
  0x000001a1cad47820 JavaThread "Common-Cleaner"             daemon [_thread_blocked, id=15452, stack(0x000000594ad00000,0x000000594ae00000) (1024K)]
  0x000001a1cad2f140 JavaThread "Notification Thread"        daemon [_thread_blocked, id=14248, stack(0x000000594ae00000,0x000000594af00000) (1024K)]
  0x000001a1e5656710 JavaThread "Daemon health stats"               [_thread_blocked, id=17824, stack(0x000000594b300000,0x000000594b400000) (1024K)]
  0x000001a1cac1a8e0 JavaThread "Incoming local TCP Connector on port 65080"        [_thread_in_native, id=2692, stack(0x000000594b400000,0x000000594b500000) (1024K)]
  0x000001a1cab434c0 JavaThread "Daemon periodic checks"            [_thread_blocked, id=18984, stack(0x000000594b500000,0x000000594b600000) (1024K)]
  0x000001a1e54222f0 JavaThread "Cache worker for journal cache (C:\Users\Hp\.gradle\caches\journal-1)"        [_thread_blocked, id=7784, stack(0x000000594b200000,0x000000594b300000) (1024K)]
  0x000001a1e5422980 JavaThread "File lock request listener"        [_thread_in_native, id=18244, stack(0x000000594be00000,0x000000594bf00000) (1024K)]
  0x000001a1e54236a0 JavaThread "Cache worker for file hash cache (C:\Users\Hp\.gradle\caches\8.9\fileHashes)"        [_thread_blocked, id=17484, stack(0x000000594bf00000,0x000000594c000000) (1024K)]
  0x000001a1e627a920 JavaThread "File watcher server"        daemon [_thread_in_native, id=10528, stack(0x000000594c300000,0x000000594c400000) (1024K)]
  0x000001a1e627c360 JavaThread "File watcher consumer"      daemon [_thread_blocked, id=10152, stack(0x000000594c400000,0x000000594c500000) (1024K)]
  0x000001a1e627b640 JavaThread "Cache worker for file content cache (C:\Users\Hp\.gradle\caches\8.9\fileContent)"        [_thread_blocked, id=21660, stack(0x000000594c500000,0x000000594c600000) (1024K)]
  0x000001a1e6279570 JavaThread "jar transforms"                    [_thread_blocked, id=17500, stack(0x000000594c900000,0x000000594ca00000) (1024K)]
  0x000001a1e627f150 JavaThread "jar transforms Thread 2"           [_thread_blocked, id=20380, stack(0x000000594ca00000,0x000000594cb00000) (1024K)]
  0x000001a1e627d080 JavaThread "jar transforms Thread 3"           [_thread_blocked, id=22184, stack(0x000000594cb00000,0x000000594cc00000) (1024K)]
  0x000001a1e627fe70 JavaThread "jar transforms Thread 4"           [_thread_blocked, id=13328, stack(0x000000594cc00000,0x000000594cd00000) (1024K)]
  0x000001a1e5d7f470 JavaThread "Memory manager"                    [_thread_blocked, id=10916, stack(0x000000594d500000,0x000000594d600000) (1024K)]
  0x000001a1e81c16d0 JavaThread "Daemon Thread 2"                   [_thread_blocked, id=23188, stack(0x0000005949b00000,0x0000005949c00000) (1024K)]
  0x000001a1e81c1040 JavaThread "Handler for socket connection from /127.0.0.1:65080 to /127.0.0.1:53893"        [_thread_in_native, id=20972, stack(0x0000005949c00000,0x0000005949d00000) (1024K)]
  0x000001a1e81c1d60 JavaThread "Cancel handler"                    [_thread_blocked, id=15716, stack(0x000000594b600000,0x000000594b700000) (1024K)]
  0x000001a1e81c0320 JavaThread "Daemon worker Thread 2"            [_thread_blocked, id=23628, stack(0x000000594b700000,0x000000594b800000) (1024K)]
  0x000001a1e81c09b0 JavaThread "Asynchronous log dispatcher for DefaultDaemonConnection: socket connection from /127.0.0.1:65080 to /127.0.0.1:53893"        [_thread_blocked, id=23632, stack(0x000000594b800000,0x000000594b900000) (1024K)]
  0x000001a1e81c23f0 JavaThread "Stdin handler"                     [_thread_blocked, id=23636, stack(0x000000594b900000,0x000000594ba00000) (1024K)]
  0x000001a1e81c2a80 JavaThread "Daemon client event forwarder"        [_thread_blocked, id=23624, stack(0x000000594ba00000,0x000000594bb00000) (1024K)]
  0x000001a1e81bf600 JavaThread "Cache worker for file hash cache (C:\Users\Hp\AppData\Local\Pub\Cache\hosted\pub.dev\screen_brightness_android-2.1.3\android\.gradle\8.9\fileHashes)"        [_thread_blocked, id=5728, stack(0x000000594bb00000,0x000000594bc00000) (1024K)]
  0x000001a1e81c44c0 JavaThread "Cache worker for Build Output Cleanup Cache (C:\Users\Hp\AppData\Local\Pub\Cache\hosted\pub.dev\screen_brightness_android-2.1.3\android\.gradle\buildOutputCleanup)"        [_thread_blocked, id=21528, stack(0x000000594bc00000,0x000000594bd00000) (1024K)]
  0x000001a1e81c3e30 JavaThread "Cache worker for checksums cache (C:\Users\Hp\AppData\Local\Pub\Cache\hosted\pub.dev\screen_brightness_android-2.1.3\android\.gradle\8.9\checksums)"        [_thread_blocked, id=23768, stack(0x000000594bd00000,0x000000594be00000) (1024K)]
  0x000001a1e81c4b50 JavaThread "Cache worker for cache directory md-rule (C:\Users\Hp\.gradle\caches\8.9\md-rule)"        [_thread_blocked, id=10896, stack(0x000000594c000000,0x000000594c100000) (1024K)]
  0x000001a1e81c6590 JavaThread "Cache worker for cache directory md-supplier (C:\Users\Hp\.gradle\caches\8.9\md-supplier)"        [_thread_blocked, id=15628, stack(0x000000594c100000,0x000000594c200000) (1024K)]
  0x000001a1e81c5870 JavaThread "Unconstrained build operations"        [_thread_blocked, id=23856, stack(0x000000594c200000,0x000000594c300000) (1024K)]
  0x000001a1e81c5f00 JavaThread "Unconstrained build operations Thread 2"        [_thread_blocked, id=23860, stack(0x000000594c600000,0x000000594c700000) (1024K)]
  0x000001a1e81c37a0 JavaThread "Unconstrained build operations Thread 3"        [_thread_blocked, id=23864, stack(0x000000594c700000,0x000000594c800000) (1024K)]
  0x000001a1e9d61f10 JavaThread "Unconstrained build operations Thread 4"        [_thread_blocked, id=23876, stack(0x000000594c800000,0x000000594c900000) (1024K)]
  0x000001a1e9d611f0 JavaThread "Unconstrained build operations Thread 5"        [_thread_blocked, id=23880, stack(0x000000594cd00000,0x000000594ce00000) (1024K)]
  0x000001a1e9d65a20 JavaThread "Unconstrained build operations Thread 6"        [_thread_blocked, id=23884, stack(0x000000594ce00000,0x000000594cf00000) (1024K)]
  0x000001a1e9d660b0 JavaThread "Unconstrained build operations Thread 7"        [_thread_blocked, id=23896, stack(0x000000594cf00000,0x000000594d000000) (1024K)]
  0x000001a1e9d66dd0 JavaThread "Unconstrained build operations Thread 8"        [_thread_blocked, id=23912, stack(0x000000594d000000,0x000000594d100000) (1024K)]
  0x000001a1e9d67af0 JavaThread "Unconstrained build operations Thread 9"        [_thread_blocked, id=23916, stack(0x000000594d100000,0x000000594d200000) (1024K)]
Total: 46

Other Threads:
  0x000001a1caa84070 VMThread "VM Thread"                           [id=14876, stack(0x000000594a400000,0x000000594a500000) (1024K)]
  0x000001a1caa76e50 WatcherThread "VM Periodic Task Thread"        [id=13436, stack(0x000000594a300000,0x000000594a400000) (1024K)]
  0x000001a1b59a9bb0 WorkerThread "GC Thread#0"                     [id=6880, stack(0x0000005949e00000,0x0000005949f00000) (1024K)]
  0x000001a1cae069d0 WorkerThread "GC Thread#1"                     [id=13972, stack(0x000000594af00000,0x000000594b000000) (1024K)]
=>0x000001a1cae06d80 WorkerThread "GC Thread#2"                     [id=2960, stack(0x000000594b000000,0x000000594b100000) (1024K)]
  0x000001a1cae07530 WorkerThread "GC Thread#3"                     [id=4112, stack(0x000000594b100000,0x000000594b200000) (1024K)]
  0x000001a1b59aeab0 ConcurrentGCThread "G1 Main Marker"            [id=14624, stack(0x0000005949f00000,0x000000594a000000) (1024K)]
  0x000001a1b59b29f0 WorkerThread "G1 Conc#0"                       [id=6060, stack(0x000000594a000000,0x000000594a100000) (1024K)]
  0x000001a1b5a3e900 ConcurrentGCThread "G1 Refine#0"               [id=21564, stack(0x000000594a100000,0x000000594a200000) (1024K)]
  0x000001a1ca9495f0 ConcurrentGCThread "G1 Service"                [id=21532, stack(0x000000594a200000,0x000000594a300000) (1024K)]
Total: 10

Threads with active compile tasks:
Total: 0

VM state: at safepoint (normal execution)

VM Mutex/Monitor currently owned by a thread:  ([mutex/lock_event])
[0x00007ffce61ebfe0] FreeList_lock - owner thread: 0x000001a1cae06d80
[0x00007ffce61ee560] Threads_lock - owner thread: 0x000001a1caa84070
[0x00007ffce61ee660] Heap_lock - owner thread: 0x000001a1e81c0320

Heap address: 0x00000000e0000000, size: 512 MB, Compressed Oops mode: 32-bit

CDS archive(s) mapped at: [0x000001a1cb000000-0x000001a1cbba0000-0x000001a1cbba0000), size 12189696, SharedBaseAddress: 0x000001a1cb000000, ArchiveRelocationMode: 1.
Compressed class space mapped at: 0x000001a1cc000000-0x000001a1e0000000, reserved size: 335544320
Narrow klass base: 0x000001a1cb000000, Narrow klass shift: 0, Narrow klass range: 0x100000000

GC Precious Log:
 CardTable entry size: 512
 Card Set container configuration: InlinePtr #cards 5 size 8 Array Of Cards #cards 12 size 40 Howl #buckets 4 coarsen threshold 1843 Howl Bitmap #cards 512 size 80 coarsen threshold 460 Card regions per heap region 1 cards per card region 2048
 CPUs: 4 total, 4 available
 Memory: 8067M
 Large Page Support: Disabled
 NUMA Support: Disabled
 Compressed Oops: Enabled (32-bit)
 Heap Region Size: 1M
 Heap Min Capacity: 256M
 Heap Initial Capacity: 256M
 Heap Max Capacity: 512M
 Pre-touch: Disabled
 Parallel Workers: 4
 Concurrent Workers: 1
 Concurrent Refinement Workers: 4
 Periodic GC: Disabled

Heap:
 garbage-first heap   total 265216K, used 252227K [0x00000000e0000000, 0x0000000100000000)
  region size 1024K, 91 young (93184K), 8 survivors (8192K)
 Metaspace       used 89984K, committed 92032K, reserved 458752K
  class space    used 12400K, committed 13824K, reserved 327680K

Heap Regions: E=young(eden), S=young(survivor), O=old, HS=humongous(starts), HC=humongous(continues), CS=collection set, F=free, TAMS=top-at-mark-start, PB=parsable bottom
|   0|0x00000000e0000000, 0x00000000e0100000, 0x00000000e0100000|100%|HS|  |TAMS 0x00000000e0000000| PB 0x00000000e0000000| Complete 
|   1|0x00000000e0100000, 0x00000000e0200000, 0x00000000e0200000|100%|HC|  |TAMS 0x00000000e0100000| PB 0x00000000e0100000| Complete 
|   2|0x00000000e0200000, 0x00000000e0300000, 0x00000000e0300000|100%|HC|  |TAMS 0x00000000e0200000| PB 0x00000000e0200000| Complete 
|   3|0x00000000e0300000, 0x00000000e0400000, 0x00000000e0400000|100%|HC|  |TAMS 0x00000000e0300000| PB 0x00000000e0300000| Complete 
|   4|0x00000000e0400000, 0x00000000e0500000, 0x00000000e0500000|100%| O|  |TAMS 0x00000000e0400000| PB 0x00000000e0400000| Untracked 
|   5|0x00000000e0500000, 0x00000000e0600000, 0x00000000e0600000|100%| O|  |TAMS 0x00000000e0500000| PB 0x00000000e0500000| Untracked 
|   6|0x00000000e0600000, 0x00000000e0700000, 0x00000000e0700000|100%| O|  |TAMS 0x00000000e0600000| PB 0x00000000e0600000| Untracked 
|   7|0x00000000e0700000, 0x00000000e0800000, 0x00000000e0800000|100%|HS|  |TAMS 0x00000000e0700000| PB 0x00000000e0700000| Complete 
|   8|0x00000000e0800000, 0x00000000e0900000, 0x00000000e0900000|100%|HS|  |TAMS 0x00000000e0800000| PB 0x00000000e0800000| Complete 
|   9|0x00000000e0900000, 0x00000000e0a00000, 0x00000000e0a00000|100%| O|  |TAMS 0x00000000e0900000| PB 0x00000000e0900000| Untracked 
|  10|0x00000000e0a00000, 0x00000000e0b00000, 0x00000000e0b00000|100%| O|  |TAMS 0x00000000e0a00000| PB 0x00000000e0a00000| Untracked 
|  11|0x00000000e0b00000, 0x00000000e0c00000, 0x00000000e0c00000|100%| O|  |TAMS 0x00000000e0b00000| PB 0x00000000e0b00000| Untracked 
|  12|0x00000000e0c00000, 0x00000000e0d00000, 0x00000000e0d00000|100%| O|  |TAMS 0x00000000e0c00000| PB 0x00000000e0c00000| Untracked 
|  13|0x00000000e0d00000, 0x00000000e0e00000, 0x00000000e0e00000|100%| O|  |TAMS 0x00000000e0d00000| PB 0x00000000e0d00000| Untracked 
|  14|0x00000000e0e00000, 0x00000000e0f00000, 0x00000000e0f00000|100%| O|  |TAMS 0x00000000e0e00000| PB 0x00000000e0e00000| Untracked 
|  15|0x00000000e0f00000, 0x00000000e1000000, 0x00000000e1000000|100%| O|  |TAMS 0x00000000e0f00000| PB 0x00000000e0f00000| Untracked 
|  16|0x00000000e1000000, 0x00000000e1100000, 0x00000000e1100000|100%| O|  |TAMS 0x00000000e1000000| PB 0x00000000e1000000| Untracked 
|  17|0x00000000e1100000, 0x00000000e1200000, 0x00000000e1200000|100%| O|  |TAMS 0x00000000e1100000| PB 0x00000000e1100000| Untracked 
|  18|0x00000000e1200000, 0x00000000e1300000, 0x00000000e1300000|100%| O|  |TAMS 0x00000000e1200000| PB 0x00000000e1200000| Untracked 
|  19|0x00000000e1300000, 0x00000000e1400000, 0x00000000e1400000|100%| O|  |TAMS 0x00000000e1300000| PB 0x00000000e1300000| Untracked 
|  20|0x00000000e1400000, 0x00000000e1500000, 0x00000000e1500000|100%| O|  |TAMS 0x00000000e1400000| PB 0x00000000e1400000| Untracked 
|  21|0x00000000e1500000, 0x00000000e1600000, 0x00000000e1600000|100%| O|  |TAMS 0x00000000e1500000| PB 0x00000000e1500000| Untracked 
|  22|0x00000000e1600000, 0x00000000e1700000, 0x00000000e1700000|100%| O|  |TAMS 0x00000000e1600000| PB 0x00000000e1600000| Untracked 
|  23|0x00000000e1700000, 0x00000000e1800000, 0x00000000e1800000|100%| O|  |TAMS 0x00000000e1700000| PB 0x00000000e1700000| Untracked 
|  24|0x00000000e1800000, 0x00000000e1900000, 0x00000000e1900000|100%|HS|  |TAMS 0x00000000e1800000| PB 0x00000000e1800000| Complete 
|  25|0x00000000e1900000, 0x00000000e1a00000, 0x00000000e1a00000|100%| O|  |TAMS 0x00000000e1900000| PB 0x00000000e1900000| Untracked 
|  26|0x00000000e1a00000, 0x00000000e1b00000, 0x00000000e1b00000|100%| O|  |TAMS 0x00000000e1a00000| PB 0x00000000e1a00000| Untracked 
|  27|0x00000000e1b00000, 0x00000000e1c00000, 0x00000000e1c00000|100%| O|  |TAMS 0x00000000e1b00000| PB 0x00000000e1b00000| Untracked 
|  28|0x00000000e1c00000, 0x00000000e1d00000, 0x00000000e1d00000|100%| O|  |TAMS 0x00000000e1c00000| PB 0x00000000e1c00000| Untracked 
|  29|0x00000000e1d00000, 0x00000000e1e00000, 0x00000000e1e00000|100%| O|  |TAMS 0x00000000e1d00000| PB 0x00000000e1d00000| Untracked 
|  30|0x00000000e1e00000, 0x00000000e1f00000, 0x00000000e1f00000|100%| O|  |TAMS 0x00000000e1e00000| PB 0x00000000e1e00000| Untracked 
|  31|0x00000000e1f00000, 0x00000000e2000000, 0x00000000e2000000|100%| O|  |TAMS 0x00000000e1f00000| PB 0x00000000e1f00000| Untracked 
|  32|0x00000000e2000000, 0x00000000e2100000, 0x00000000e2100000|100%| O|Cm|TAMS 0x00000000e2000000| PB 0x00000000e2000000| Complete 
|  33|0x00000000e2100000, 0x00000000e2200000, 0x00000000e2200000|100%| O|  |TAMS 0x00000000e2100000| PB 0x00000000e2100000| Untracked 
|  34|0x00000000e2200000, 0x00000000e2300000, 0x00000000e2300000|100%| O|  |TAMS 0x00000000e2200000| PB 0x00000000e2200000| Untracked 
|  35|0x00000000e2300000, 0x00000000e2400000, 0x00000000e2400000|100%| O|  |TAMS 0x00000000e2300000| PB 0x00000000e2300000| Untracked 
|  36|0x00000000e2400000, 0x00000000e2500000, 0x00000000e2500000|100%| O|  |TAMS 0x00000000e2400000| PB 0x00000000e2400000| Untracked 
|  37|0x00000000e2500000, 0x00000000e2600000, 0x00000000e2600000|100%| O|  |TAMS 0x00000000e2500000| PB 0x00000000e2500000| Untracked 
|  38|0x00000000e2600000, 0x00000000e2700000, 0x00000000e2700000|100%| O|  |TAMS 0x00000000e2600000| PB 0x00000000e2600000| Untracked 
|  39|0x00000000e2700000, 0x00000000e2800000, 0x00000000e2800000|100%| O|Cm|TAMS 0x00000000e2700000| PB 0x00000000e2700000| Complete 
|  40|0x00000000e2800000, 0x00000000e2900000, 0x00000000e2900000|100%| O|Cm|TAMS 0x00000000e2800000| PB 0x00000000e2800000| Complete 
|  41|0x00000000e2900000, 0x00000000e2a00000, 0x00000000e2a00000|100%| O|  |TAMS 0x00000000e2900000| PB 0x00000000e2900000| Untracked 
|  42|0x00000000e2a00000, 0x00000000e2b00000, 0x00000000e2b00000|100%| O|CS|TAMS 0x00000000e2a00000| PB 0x00000000e2a00000| Complete 
|  43|0x00000000e2b00000, 0x00000000e2c00000, 0x00000000e2c00000|100%|HS|  |TAMS 0x00000000e2b00000| PB 0x00000000e2b00000| Complete 
|  44|0x00000000e2c00000, 0x00000000e2d00000, 0x00000000e2d00000|100%|HS|  |TAMS 0x00000000e2c00000| PB 0x00000000e2c00000| Complete 
|  45|0x00000000e2d00000, 0x00000000e2e00000, 0x00000000e2e00000|100%|HS|  |TAMS 0x00000000e2d00000| PB 0x00000000e2d00000| Complete 
|  46|0x00000000e2e00000, 0x00000000e2f00000, 0x00000000e2f00000|100%| O|  |TAMS 0x00000000e2e00000| PB 0x00000000e2e00000| Untracked 
|  47|0x00000000e2f00000, 0x00000000e3000000, 0x00000000e3000000|100%|HS|  |TAMS 0x00000000e2f00000| PB 0x00000000e2f00000| Complete 
|  48|0x00000000e3000000, 0x00000000e3100000, 0x00000000e3100000|100%|HS|  |TAMS 0x00000000e3000000| PB 0x00000000e3000000| Complete 
|  49|0x00000000e3100000, 0x00000000e3200000, 0x00000000e3200000|100%| O|  |TAMS 0x00000000e3100000| PB 0x00000000e3100000| Untracked 
|  50|0x00000000e3200000, 0x00000000e3300000, 0x00000000e3300000|100%| O|CS|TAMS 0x00000000e3200000| PB 0x00000000e3200000| Complete 
|  51|0x00000000e3300000, 0x00000000e3400000, 0x00000000e3400000|100%| O|Cm|TAMS 0x00000000e3300000| PB 0x00000000e3300000| Complete 
|  52|0x00000000e3400000, 0x00000000e3500000, 0x00000000e3500000|100%| O|CS|TAMS 0x00000000e3400000| PB 0x00000000e3400000| Complete 
|  53|0x00000000e3500000, 0x00000000e3600000, 0x00000000e3600000|100%|HS|  |TAMS 0x00000000e3500000| PB 0x00000000e3500000| Complete 
|  54|0x00000000e3600000, 0x00000000e3700000, 0x00000000e3700000|100%| O|  |TAMS 0x00000000e3600000| PB 0x00000000e3600000| Untracked 
|  55|0x00000000e3700000, 0x00000000e3800000, 0x00000000e3800000|100%| O|  |TAMS 0x00000000e3700000| PB 0x00000000e3700000| Untracked 
|  56|0x00000000e3800000, 0x00000000e3900000, 0x00000000e3900000|100%| O|  |TAMS 0x00000000e3800000| PB 0x00000000e3800000| Untracked 
|  57|0x00000000e3900000, 0x00000000e3a00000, 0x00000000e3a00000|100%| O|  |TAMS 0x00000000e3900000| PB 0x00000000e3900000| Untracked 
|  58|0x00000000e3a00000, 0x00000000e3b00000, 0x00000000e3b00000|100%| O|  |TAMS 0x00000000e3a00000| PB 0x00000000e3a00000| Untracked 
|  59|0x00000000e3b00000, 0x00000000e3c00000, 0x00000000e3c00000|100%| O|  |TAMS 0x00000000e3b00000| PB 0x00000000e3b00000| Untracked 
|  60|0x00000000e3c00000, 0x00000000e3d00000, 0x00000000e3d00000|100%| O|  |TAMS 0x00000000e3c00000| PB 0x00000000e3c00000| Untracked 
|  61|0x00000000e3d00000, 0x00000000e3e00000, 0x00000000e3e00000|100%| O|  |TAMS 0x00000000e3d00000| PB 0x00000000e3d00000| Untracked 
|  62|0x00000000e3e00000, 0x00000000e3f00000, 0x00000000e3f00000|100%| O|  |TAMS 0x00000000e3e00000| PB 0x00000000e3e00000| Untracked 
|  63|0x00000000e3f00000, 0x00000000e4000000, 0x00000000e4000000|100%| O|CS|TAMS 0x00000000e3f00000| PB 0x00000000e3f00000| Complete 
|  64|0x00000000e4000000, 0x00000000e4100000, 0x00000000e4100000|100%| O|Cm|TAMS 0x00000000e4000000| PB 0x00000000e4000000| Complete 
|  65|0x00000000e4100000, 0x00000000e4200000, 0x00000000e4200000|100%| O|  |TAMS 0x00000000e4100000| PB 0x00000000e4100000| Untracked 
|  66|0x00000000e4200000, 0x00000000e4300000, 0x00000000e4300000|100%| O|CS|TAMS 0x00000000e4200000| PB 0x00000000e4200000| Complete 
|  67|0x00000000e4300000, 0x00000000e4400000, 0x00000000e4400000|100%| O|Cm|TAMS 0x00000000e4300000| PB 0x00000000e4300000| Complete 
|  68|0x00000000e4400000, 0x00000000e4500000, 0x00000000e4500000|100%| O|  |TAMS 0x00000000e4400000| PB 0x00000000e4400000| Untracked 
|  69|0x00000000e4500000, 0x00000000e4600000, 0x00000000e4600000|100%| O|CS|TAMS 0x00000000e4500000| PB 0x00000000e4500000| Complete 
|  70|0x00000000e4600000, 0x00000000e4700000, 0x00000000e4700000|100%| O|Cm|TAMS 0x00000000e4600000| PB 0x00000000e4600000| Complete 
|  71|0x00000000e4700000, 0x00000000e4800000, 0x00000000e4800000|100%| O|Cm|TAMS 0x00000000e4700000| PB 0x00000000e4700000| Complete 
|  72|0x00000000e4800000, 0x00000000e4900000, 0x00000000e4900000|100%| O|CS|TAMS 0x00000000e4800000| PB 0x00000000e4800000| Complete 
|  73|0x00000000e4900000, 0x00000000e4a00000, 0x00000000e4a00000|100%| O|CS|TAMS 0x00000000e4900000| PB 0x00000000e4900000| Complete 
|  74|0x00000000e4a00000, 0x00000000e4b00000, 0x00000000e4b00000|100%| O|Cm|TAMS 0x00000000e4a00000| PB 0x00000000e4a00000| Complete 
|  75|0x00000000e4b00000, 0x00000000e4c00000, 0x00000000e4c00000|100%|HS|  |TAMS 0x00000000e4b00000| PB 0x00000000e4b00000| Complete 
|  76|0x00000000e4c00000, 0x00000000e4d00000, 0x00000000e4d00000|100%|HS|  |TAMS 0x00000000e4c00000| PB 0x00000000e4c00000| Complete 
|  77|0x00000000e4d00000, 0x00000000e4e00000, 0x00000000e4e00000|100%|HS|  |TAMS 0x00000000e4d00000| PB 0x00000000e4d00000| Complete 
|  78|0x00000000e4e00000, 0x00000000e4f00000, 0x00000000e4f00000|100%|HS|  |TAMS 0x00000000e4e00000| PB 0x00000000e4e00000| Complete 
|  79|0x00000000e4f00000, 0x00000000e5000000, 0x00000000e5000000|100%|HS|  |TAMS 0x00000000e4f00000| PB 0x00000000e4f00000| Complete 
|  80|0x00000000e5000000, 0x00000000e5100000, 0x00000000e5100000|100%|HC|  |TAMS 0x00000000e5000000| PB 0x00000000e5000000| Complete 
|  81|0x00000000e5100000, 0x00000000e5200000, 0x00000000e5200000|100%|HS|  |TAMS 0x00000000e5100000| PB 0x00000000e5100000| Complete 
|  82|0x00000000e5200000, 0x00000000e5300000, 0x00000000e5300000|100%| O|CS|TAMS 0x00000000e5200000| PB 0x00000000e5200000| Complete 
|  83|0x00000000e5300000, 0x00000000e5400000, 0x00000000e5400000|100%| O|CS|TAMS 0x00000000e5300000| PB 0x00000000e5300000| Complete 
|  84|0x00000000e5400000, 0x00000000e5500000, 0x00000000e5500000|100%| O|Cm|TAMS 0x00000000e5400000| PB 0x00000000e5400000| Complete 
|  85|0x00000000e5500000, 0x00000000e5600000, 0x00000000e5600000|100%| O|Cm|TAMS 0x00000000e5500000| PB 0x00000000e5500000| Complete 
|  86|0x00000000e5600000, 0x00000000e5700000, 0x00000000e5700000|100%| O|  |TAMS 0x00000000e5600000| PB 0x00000000e5600000| Untracked 
|  87|0x00000000e5700000, 0x00000000e5800000, 0x00000000e5800000|100%| O|  |TAMS 0x00000000e5700000| PB 0x00000000e5700000| Untracked 
|  88|0x00000000e5800000, 0x00000000e5900000, 0x00000000e5900000|100%| O|Cm|TAMS 0x00000000e5800000| PB 0x00000000e5800000| Complete 
|  89|0x00000000e5900000, 0x00000000e5a00000, 0x00000000e5a00000|100%| O|CS|TAMS 0x00000000e5900000| PB 0x00000000e5900000| Complete 
|  90|0x00000000e5a00000, 0x00000000e5b00000, 0x00000000e5b00000|100%| O|  |TAMS 0x00000000e5a00000| PB 0x00000000e5a00000| Untracked 
|  91|0x00000000e5b00000, 0x00000000e5c00000, 0x00000000e5c00000|100%| O|Cm|TAMS 0x00000000e5b00000| PB 0x00000000e5b00000| Complete 
|  92|0x00000000e5c00000, 0x00000000e5d00000, 0x00000000e5d00000|100%| O|  |TAMS 0x00000000e5c00000| PB 0x00000000e5c00000| Untracked 
|  93|0x00000000e5d00000, 0x00000000e5e00000, 0x00000000e5e00000|100%| O|Cm|TAMS 0x00000000e5d00000| PB 0x00000000e5d00000| Complete 
|  94|0x00000000e5e00000, 0x00000000e5f00000, 0x00000000e5f00000|100%| O|  |TAMS 0x00000000e5e00000| PB 0x00000000e5e00000| Untracked 
|  95|0x00000000e5f00000, 0x00000000e6000000, 0x00000000e6000000|100%| O|  |TAMS 0x00000000e5f00000| PB 0x00000000e5f00000| Untracked 
|  96|0x00000000e6000000, 0x00000000e6100000, 0x00000000e6100000|100%| O|  |TAMS 0x00000000e6000000| PB 0x00000000e6000000| Untracked 
|  97|0x00000000e6100000, 0x00000000e6200000, 0x00000000e6200000|100%| O|CS|TAMS 0x00000000e6100000| PB 0x00000000e6100000| Complete 
|  98|0x00000000e6200000, 0x00000000e6300000, 0x00000000e6300000|100%| O|CS|TAMS 0x00000000e6200000| PB 0x00000000e6200000| Complete 
|  99|0x00000000e6300000, 0x00000000e6400000, 0x00000000e6400000|100%| O|Cm|TAMS 0x00000000e6300000| PB 0x00000000e6300000| Complete 
| 100|0x00000000e6400000, 0x00000000e6500000, 0x00000000e6500000|100%| O|CS|TAMS 0x00000000e6400000| PB 0x00000000e6400000| Complete 
| 101|0x00000000e6500000, 0x00000000e6600000, 0x00000000e6600000|100%|HS|  |TAMS 0x00000000e6500000| PB 0x00000000e6500000| Complete 
| 102|0x00000000e6600000, 0x00000000e6700000, 0x00000000e6700000|100%|HC|  |TAMS 0x00000000e6600000| PB 0x00000000e6600000| Complete 
| 103|0x00000000e6700000, 0x00000000e6800000, 0x00000000e6800000|100%|HS|  |TAMS 0x00000000e6700000| PB 0x00000000e6700000| Complete 
| 104|0x00000000e6800000, 0x00000000e6900000, 0x00000000e6900000|100%|HC|  |TAMS 0x00000000e6800000| PB 0x00000000e6800000| Complete 
| 105|0x00000000e6900000, 0x00000000e6a00000, 0x00000000e6a00000|100%|HS|  |TAMS 0x00000000e6900000| PB 0x00000000e6900000| Complete 
| 106|0x00000000e6a00000, 0x00000000e6b00000, 0x00000000e6b00000|100%|HC|  |TAMS 0x00000000e6a00000| PB 0x00000000e6a00000| Complete 
| 107|0x00000000e6b00000, 0x00000000e6c00000, 0x00000000e6c00000|100%|HC|  |TAMS 0x00000000e6b00000| PB 0x00000000e6b00000| Complete 
| 108|0x00000000e6c00000, 0x00000000e6d00000, 0x00000000e6d00000|100%|HC|  |TAMS 0x00000000e6c00000| PB 0x00000000e6c00000| Complete 
| 109|0x00000000e6d00000, 0x00000000e6e00000, 0x00000000e6e00000|100%|HS|  |TAMS 0x00000000e6d00000| PB 0x00000000e6d00000| Complete 
| 110|0x00000000e6e00000, 0x00000000e6f00000, 0x00000000e6f00000|100%|HC|  |TAMS 0x00000000e6e00000| PB 0x00000000e6e00000| Complete 
| 111|0x00000000e6f00000, 0x00000000e7000000, 0x00000000e7000000|100%|HC|  |TAMS 0x00000000e6f00000| PB 0x00000000e6f00000| Complete 
| 112|0x00000000e7000000, 0x00000000e7100000, 0x00000000e7100000|100%|HC|  |TAMS 0x00000000e7000000| PB 0x00000000e7000000| Complete 
| 113|0x00000000e7100000, 0x00000000e7200000, 0x00000000e7200000|100%| O|CS|TAMS 0x00000000e7100000| PB 0x00000000e7100000| Complete 
| 114|0x00000000e7200000, 0x00000000e7300000, 0x00000000e7300000|100%| O|CS|TAMS 0x00000000e7200000| PB 0x00000000e7200000| Complete 
| 115|0x00000000e7300000, 0x00000000e7400000, 0x00000000e7400000|100%| O|Cm|TAMS 0x00000000e7300000| PB 0x00000000e7300000| Complete 
| 116|0x00000000e7400000, 0x00000000e7500000, 0x00000000e7500000|100%| O|  |TAMS 0x00000000e7400000| PB 0x00000000e7400000| Untracked 
| 117|0x00000000e7500000, 0x00000000e7600000, 0x00000000e7600000|100%| O|  |TAMS 0x00000000e7500000| PB 0x00000000e7500000| Untracked 
| 118|0x00000000e7600000, 0x00000000e7700000, 0x00000000e7700000|100%| O|  |TAMS 0x00000000e7600000| PB 0x00000000e7600000| Untracked 
| 119|0x00000000e7700000, 0x00000000e7800000, 0x00000000e7800000|100%| O|  |TAMS 0x00000000e7700000| PB 0x00000000e7700000| Untracked 
| 120|0x00000000e7800000, 0x00000000e7900000, 0x00000000e7900000|100%| O|  |TAMS 0x00000000e7800000| PB 0x00000000e7800000| Untracked 
| 121|0x00000000e7900000, 0x00000000e7a00000, 0x00000000e7a00000|100%| O|  |TAMS 0x00000000e7900000| PB 0x00000000e7900000| Untracked 
| 122|0x00000000e7a00000, 0x00000000e7b00000, 0x00000000e7b00000|100%| O|CS|TAMS 0x00000000e7a00000| PB 0x00000000e7a00000| Complete 
| 123|0x00000000e7b00000, 0x00000000e7c00000, 0x00000000e7c00000|100%| O|  |TAMS 0x00000000e7b00000| PB 0x00000000e7b00000| Untracked 
| 124|0x00000000e7c00000, 0x00000000e7d00000, 0x00000000e7d00000|100%| O|  |TAMS 0x00000000e7c00000| PB 0x00000000e7c00000| Untracked 
| 125|0x00000000e7d00000, 0x00000000e7e00000, 0x00000000e7e00000|100%| O|  |TAMS 0x00000000e7d00000| PB 0x00000000e7d00000| Untracked 
| 126|0x00000000e7e00000, 0x00000000e7f00000, 0x00000000e7f00000|100%| O|  |TAMS 0x00000000e7e00000| PB 0x00000000e7e00000| Untracked 
| 127|0x00000000e7f00000, 0x00000000e8000000, 0x00000000e8000000|100%| O|  |TAMS 0x00000000e7f00000| PB 0x00000000e7f00000| Untracked 
| 128|0x00000000e8000000, 0x00000000e8100000, 0x00000000e8100000|100%| O|CS|TAMS 0x00000000e8000000| PB 0x00000000e8000000| Complete 
| 129|0x00000000e8100000, 0x00000000e8200000, 0x00000000e8200000|100%| O|CS|TAMS 0x00000000e8100000| PB 0x00000000e8100000| Complete 
| 130|0x00000000e8200000, 0x00000000e8300000, 0x00000000e8300000|100%| O|CS|TAMS 0x00000000e8200000| PB 0x00000000e8200000| Complete 
| 131|0x00000000e8300000, 0x00000000e8400000, 0x00000000e8400000|100%| O|CS|TAMS 0x00000000e8300000| PB 0x00000000e8300000| Complete 
| 132|0x00000000e8400000, 0x00000000e8500000, 0x00000000e8500000|100%| O|CS|TAMS 0x00000000e8400000| PB 0x00000000e8400000| Complete 
| 133|0x00000000e8500000, 0x00000000e8600000, 0x00000000e8600000|100%|HS|  |TAMS 0x00000000e8500000| PB 0x00000000e8500000| Complete 
| 134|0x00000000e8600000, 0x00000000e8700000, 0x00000000e8700000|100%|HS|  |TAMS 0x00000000e8600000| PB 0x00000000e8600000| Complete 
| 135|0x00000000e8700000, 0x00000000e8800000, 0x00000000e8800000|100%| O|  |TAMS 0x00000000e8700000| PB 0x00000000e8700000| Untracked 
| 136|0x00000000e8800000, 0x00000000e8900000, 0x00000000e8900000|100%| O|Cm|TAMS 0x00000000e8800000| PB 0x00000000e8800000| Complete 
| 137|0x00000000e8900000, 0x00000000e8a00000, 0x00000000e8a00000|100%| O|  |TAMS 0x00000000e8900000| PB 0x00000000e8900000| Untracked 
| 138|0x00000000e8a00000, 0x00000000e8b00000, 0x00000000e8b00000|100%| O|  |TAMS 0x00000000e8a00000| PB 0x00000000e8a00000| Untracked 
| 139|0x00000000e8b00000, 0x00000000e8c00000, 0x00000000e8c00000|100%| O|  |TAMS 0x00000000e8b00000| PB 0x00000000e8b00000| Untracked 
| 140|0x00000000e8c00000, 0x00000000e8d00000, 0x00000000e8d00000|100%| O|  |TAMS 0x00000000e8c00000| PB 0x00000000e8c00000| Untracked 
| 141|0x00000000e8d00000, 0x00000000e8e00000, 0x00000000e8e00000|100%| O|  |TAMS 0x00000000e8d00000| PB 0x00000000e8d00000| Untracked 
| 142|0x00000000e8e00000, 0x00000000e8f00000, 0x00000000e8f00000|100%|HS|  |TAMS 0x00000000e8e00000| PB 0x00000000e8e00000| Complete 
| 143|0x00000000e8f00000, 0x00000000e9000000, 0x00000000e9000000|100%| O|CS|TAMS 0x00000000e8f00000| PB 0x00000000e8f00000| Complete 
| 144|0x00000000e9000000, 0x00000000e9100000, 0x00000000e9100000|100%| O|Cm|TAMS 0x00000000e9000000| PB 0x00000000e9000000| Complete 
| 145|0x00000000e9100000, 0x00000000e9200000, 0x00000000e9200000|100%| O|CS|TAMS 0x00000000e9100000| PB 0x00000000e9100000| Complete 
| 146|0x00000000e9200000, 0x00000000e9300000, 0x00000000e9300000|100%| O|Cm|TAMS 0x00000000e9200000| PB 0x00000000e9200000| Complete 
| 147|0x00000000e9300000, 0x00000000e9400000, 0x00000000e9400000|100%| O|CS|TAMS 0x00000000e9300000| PB 0x00000000e9300000| Complete 
| 148|0x00000000e9400000, 0x00000000e9500000, 0x00000000e9500000|100%| O|CS|TAMS 0x00000000e9400000| PB 0x00000000e9400000| Complete 
| 149|0x00000000e9500000, 0x00000000e9600000, 0x00000000e9600000|100%| O|  |TAMS 0x00000000e9500000| PB 0x00000000e9500000| Untracked 
| 150|0x00000000e9600000, 0x00000000e9700000, 0x00000000e9700000|100%|HS|  |TAMS 0x00000000e9600000| PB 0x00000000e9600000| Complete 
| 151|0x00000000e9700000, 0x00000000e9800000, 0x00000000e9800000|100%|HC|  |TAMS 0x00000000e9700000| PB 0x00000000e9700000| Complete 
| 152|0x00000000e9800000, 0x00000000e9900000, 0x00000000e9900000|100%|HC|  |TAMS 0x00000000e9800000| PB 0x00000000e9800000| Complete 
| 153|0x00000000e9900000, 0x00000000e9a00000, 0x00000000e9a00000|100%|HC|  |TAMS 0x00000000e9900000| PB 0x00000000e9900000| Complete 
| 154|0x00000000e9a00000, 0x00000000e9b00000, 0x00000000e9b00000|100%|HS|  |TAMS 0x00000000e9a00000| PB 0x00000000e9a00000| Complete 
| 155|0x00000000e9b00000, 0x00000000e9c00000, 0x00000000e9c00000|100%|HS|  |TAMS 0x00000000e9b00000| PB 0x00000000e9b00000| Complete 
| 156|0x00000000e9c00000, 0x00000000e9d00000, 0x00000000e9d00000|100%|HS|  |TAMS 0x00000000e9c00000| PB 0x00000000e9c00000| Complete 
| 157|0x00000000e9d00000, 0x00000000e9e00000, 0x00000000e9e00000|100%|HS|  |TAMS 0x00000000e9d00000| PB 0x00000000e9d00000| Complete 
| 158|0x00000000e9e00000, 0x00000000e9f00000, 0x00000000e9f00000|100%|HS|  |TAMS 0x00000000e9e00000| PB 0x00000000e9e00000| Complete 
| 159|0x00000000e9f00000, 0x00000000ea000000, 0x00000000ea000000|100%| O|  |TAMS 0x00000000e9f00000| PB 0x00000000e9f00000| Untracked 
| 160|0x00000000ea000000, 0x00000000ea100000, 0x00000000ea100000|100%| O|  |TAMS 0x00000000ea000000| PB 0x00000000ea000000| Untracked 
| 161|0x00000000ea100000, 0x00000000ea200000, 0x00000000ea200000|100%| O|  |TAMS 0x00000000ea100000| PB 0x00000000ea100000| Untracked 
| 162|0x00000000ea200000, 0x00000000ea300000, 0x00000000ea300000|100%| S|  |TAMS 0x00000000ea200000| PB 0x00000000ea200000| Complete 
| 163|0x00000000ea300000, 0x00000000ea400000, 0x00000000ea400000|100%| S|  |TAMS 0x00000000ea300000| PB 0x00000000ea300000| Complete 
| 164|0x00000000ea400000, 0x00000000ea500000, 0x00000000ea500000|100%| S|  |TAMS 0x00000000ea400000| PB 0x00000000ea400000| Complete 
| 165|0x00000000ea500000, 0x00000000ea600000, 0x00000000ea600000|100%| S|  |TAMS 0x00000000ea500000| PB 0x00000000ea500000| Complete 
| 166|0x00000000ea600000, 0x00000000ea700000, 0x00000000ea700000|100%| S|  |TAMS 0x00000000ea600000| PB 0x00000000ea600000| Complete 
| 167|0x00000000ea700000, 0x00000000ea800000, 0x00000000ea800000|100%| S|  |TAMS 0x00000000ea700000| PB 0x00000000ea700000| Complete 
| 168|0x00000000ea800000, 0x00000000ea8ff630, 0x00000000ea900000| 99%| E|CS|TAMS 0x00000000ea800000| PB 0x00000000ea800000| Complete 
| 169|0x00000000ea900000, 0x00000000eaa00000, 0x00000000eaa00000|100%| E|CS|TAMS 0x00000000ea900000| PB 0x00000000ea900000| Complete 
| 170|0x00000000eaa00000, 0x00000000eab00000, 0x00000000eab00000|100%| E|CS|TAMS 0x00000000eaa00000| PB 0x00000000eaa00000| Complete 
| 171|0x00000000eab00000, 0x00000000eab5e5b8, 0x00000000eac00000| 36%| E|CS|TAMS 0x00000000eab00000| PB 0x00000000eab00000| Complete 
| 172|0x00000000eac00000, 0x00000000ead00000, 0x00000000ead00000|100%| E|CS|TAMS 0x00000000eac00000| PB 0x00000000eac00000| Complete 
| 173|0x00000000ead00000, 0x00000000eae00000, 0x00000000eae00000|100%| E|CS|TAMS 0x00000000ead00000| PB 0x00000000ead00000| Complete 
| 174|0x00000000eae00000, 0x00000000eaf00000, 0x00000000eaf00000|100%| E|CS|TAMS 0x00000000eae00000| PB 0x00000000eae00000| Complete 
| 175|0x00000000eaf00000, 0x00000000eb000000, 0x00000000eb000000|100%| E|CS|TAMS 0x00000000eaf00000| PB 0x00000000eaf00000| Complete 
| 176|0x00000000eb000000, 0x00000000eb100000, 0x00000000eb100000|100%| E|CS|TAMS 0x00000000eb000000| PB 0x00000000eb000000| Complete 
| 177|0x00000000eb100000, 0x00000000eb200000, 0x00000000eb200000|100%| E|CS|TAMS 0x00000000eb100000| PB 0x00000000eb100000| Complete 
| 178|0x00000000eb200000, 0x00000000eb300000, 0x00000000eb300000|100%| E|CS|TAMS 0x00000000eb200000| PB 0x00000000eb200000| Complete 
| 179|0x00000000eb300000, 0x00000000eb400000, 0x00000000eb400000|100%| E|CS|TAMS 0x00000000eb300000| PB 0x00000000eb300000| Complete 
| 180|0x00000000eb400000, 0x00000000eb500000, 0x00000000eb500000|100%| E|CS|TAMS 0x00000000eb400000| PB 0x00000000eb400000| Complete 
| 181|0x00000000eb500000, 0x00000000eb600000, 0x00000000eb600000|100%| E|CS|TAMS 0x00000000eb500000| PB 0x00000000eb500000| Complete 
| 182|0x00000000eb600000, 0x00000000eb700000, 0x00000000eb700000|100%| E|CS|TAMS 0x00000000eb600000| PB 0x00000000eb600000| Complete 
| 183|0x00000000eb700000, 0x00000000eb800000, 0x00000000eb800000|100%| E|CS|TAMS 0x00000000eb700000| PB 0x00000000eb700000| Complete 
| 184|0x00000000eb800000, 0x00000000eb900000, 0x00000000eb900000|100%| E|CS|TAMS 0x00000000eb800000| PB 0x00000000eb800000| Complete 
| 185|0x00000000eb900000, 0x00000000eba00000, 0x00000000eba00000|100%| E|CS|TAMS 0x00000000eb900000| PB 0x00000000eb900000| Complete 
| 186|0x00000000eba00000, 0x00000000ebb00000, 0x00000000ebb00000|100%| E|CS|TAMS 0x00000000eba00000| PB 0x00000000eba00000| Complete 
| 187|0x00000000ebb00000, 0x00000000ebc00000, 0x00000000ebc00000|100%| E|CS|TAMS 0x00000000ebb00000| PB 0x00000000ebb00000| Complete 
| 188|0x00000000ebc00000, 0x00000000ebd00000, 0x00000000ebd00000|100%| E|CS|TAMS 0x00000000ebc00000| PB 0x00000000ebc00000| Complete 
| 189|0x00000000ebd00000, 0x00000000ebe00000, 0x00000000ebe00000|100%| E|CS|TAMS 0x00000000ebd00000| PB 0x00000000ebd00000| Complete 
| 190|0x00000000ebe00000, 0x00000000ebf00000, 0x00000000ebf00000|100%| E|CS|TAMS 0x00000000ebe00000| PB 0x00000000ebe00000| Complete 
| 191|0x00000000ebf00000, 0x00000000ec000000, 0x00000000ec000000|100%| E|CS|TAMS 0x00000000ebf00000| PB 0x00000000ebf00000| Complete 
| 192|0x00000000ec000000, 0x00000000ec100000, 0x00000000ec100000|100%| E|CS|TAMS 0x00000000ec000000| PB 0x00000000ec000000| Complete 
| 193|0x00000000ec100000, 0x00000000ec200000, 0x00000000ec200000|100%| E|CS|TAMS 0x00000000ec100000| PB 0x00000000ec100000| Complete 
| 194|0x00000000ec200000, 0x00000000ec300000, 0x00000000ec300000|100%| E|CS|TAMS 0x00000000ec200000| PB 0x00000000ec200000| Complete 
| 195|0x00000000ec300000, 0x00000000ec400000, 0x00000000ec400000|100%| E|CS|TAMS 0x00000000ec300000| PB 0x00000000ec300000| Complete 
| 196|0x00000000ec400000, 0x00000000ec500000, 0x00000000ec500000|100%| E|CS|TAMS 0x00000000ec400000| PB 0x00000000ec400000| Complete 
| 197|0x00000000ec500000, 0x00000000ec600000, 0x00000000ec600000|100%| E|CS|TAMS 0x00000000ec500000| PB 0x00000000ec500000| Complete 
| 198|0x00000000ec600000, 0x00000000ec700000, 0x00000000ec700000|100%| E|CS|TAMS 0x00000000ec600000| PB 0x00000000ec600000| Complete 
| 199|0x00000000ec700000, 0x00000000ec800000, 0x00000000ec800000|100%| E|CS|TAMS 0x00000000ec700000| PB 0x00000000ec700000| Complete 
| 200|0x00000000ec800000, 0x00000000ec900000, 0x00000000ec900000|100%| E|CS|TAMS 0x00000000ec800000| PB 0x00000000ec800000| Complete 
| 201|0x00000000ec900000, 0x00000000eca00000, 0x00000000eca00000|100%| E|CS|TAMS 0x00000000ec900000| PB 0x00000000ec900000| Complete 
| 202|0x00000000eca00000, 0x00000000ecb00000, 0x00000000ecb00000|100%| E|CS|TAMS 0x00000000eca00000| PB 0x00000000eca00000| Complete 
| 203|0x00000000ecb00000, 0x00000000ecc00000, 0x00000000ecc00000|100%| E|CS|TAMS 0x00000000ecb00000| PB 0x00000000ecb00000| Complete 
| 204|0x00000000ecc00000, 0x00000000ecd00000, 0x00000000ecd00000|100%| E|CS|TAMS 0x00000000ecc00000| PB 0x00000000ecc00000| Complete 
| 205|0x00000000ecd00000, 0x00000000ece00000, 0x00000000ece00000|100%| E|CS|TAMS 0x00000000ecd00000| PB 0x00000000ecd00000| Complete 
| 206|0x00000000ece00000, 0x00000000ecf00000, 0x00000000ecf00000|100%| E|CS|TAMS 0x00000000ece00000| PB 0x00000000ece00000| Complete 
| 207|0x00000000ecf00000, 0x00000000ed000000, 0x00000000ed000000|100%| E|CS|TAMS 0x00000000ecf00000| PB 0x00000000ecf00000| Complete 
| 208|0x00000000ed000000, 0x00000000ed100000, 0x00000000ed100000|100%| E|CS|TAMS 0x00000000ed000000| PB 0x00000000ed000000| Complete 
| 209|0x00000000ed100000, 0x00000000ed200000, 0x00000000ed200000|100%| E|CS|TAMS 0x00000000ed100000| PB 0x00000000ed100000| Complete 
| 210|0x00000000ed200000, 0x00000000ed300000, 0x00000000ed300000|100%| E|CS|TAMS 0x00000000ed200000| PB 0x00000000ed200000| Complete 
| 211|0x00000000ed300000, 0x00000000ed400000, 0x00000000ed400000|100%| E|CS|TAMS 0x00000000ed300000| PB 0x00000000ed300000| Complete 
| 212|0x00000000ed400000, 0x00000000ed500000, 0x00000000ed500000|100%| E|CS|TAMS 0x00000000ed400000| PB 0x00000000ed400000| Complete 
| 213|0x00000000ed500000, 0x00000000ed600000, 0x00000000ed600000|100%| E|CS|TAMS 0x00000000ed500000| PB 0x00000000ed500000| Complete 
| 214|0x00000000ed600000, 0x00000000ed700000, 0x00000000ed700000|100%| E|CS|TAMS 0x00000000ed600000| PB 0x00000000ed600000| Complete 
| 215|0x00000000ed700000, 0x00000000ed800000, 0x00000000ed800000|100%| E|CS|TAMS 0x00000000ed700000| PB 0x00000000ed700000| Complete 
| 216|0x00000000ed800000, 0x00000000ed900000, 0x00000000ed900000|100%| E|CS|TAMS 0x00000000ed800000| PB 0x00000000ed800000| Complete 
| 217|0x00000000ed900000, 0x00000000eda00000, 0x00000000eda00000|100%| E|CS|TAMS 0x00000000ed900000| PB 0x00000000ed900000| Complete 
| 218|0x00000000eda00000, 0x00000000edb00000, 0x00000000edb00000|100%| E|CS|TAMS 0x00000000eda00000| PB 0x00000000eda00000| Complete 
| 219|0x00000000edb00000, 0x00000000edc00000, 0x00000000edc00000|100%| E|CS|TAMS 0x00000000edb00000| PB 0x00000000edb00000| Complete 
| 220|0x00000000edc00000, 0x00000000edd00000, 0x00000000edd00000|100%| E|CS|TAMS 0x00000000edc00000| PB 0x00000000edc00000| Complete 
| 221|0x00000000edd00000, 0x00000000ede00000, 0x00000000ede00000|100%| E|CS|TAMS 0x00000000edd00000| PB 0x00000000edd00000| Complete 
| 222|0x00000000ede00000, 0x00000000edf00000, 0x00000000edf00000|100%| E|CS|TAMS 0x00000000ede00000| PB 0x00000000ede00000| Complete 
| 223|0x00000000edf00000, 0x00000000ee000000, 0x00000000ee000000|100%| E|CS|TAMS 0x00000000edf00000| PB 0x00000000edf00000| Complete 
| 224|0x00000000ee000000, 0x00000000ee100000, 0x00000000ee100000|100%| E|CS|TAMS 0x00000000ee000000| PB 0x00000000ee000000| Complete 
| 225|0x00000000ee100000, 0x00000000ee200000, 0x00000000ee200000|100%| E|CS|TAMS 0x00000000ee100000| PB 0x00000000ee100000| Complete 
| 226|0x00000000ee200000, 0x00000000ee300000, 0x00000000ee300000|100%| E|CS|TAMS 0x00000000ee200000| PB 0x00000000ee200000| Complete 
| 227|0x00000000ee300000, 0x00000000ee400000, 0x00000000ee400000|100%| E|CS|TAMS 0x00000000ee300000| PB 0x00000000ee300000| Complete 
| 228|0x00000000ee400000, 0x00000000ee500000, 0x00000000ee500000|100%| E|CS|TAMS 0x00000000ee400000| PB 0x00000000ee400000| Complete 
| 229|0x00000000ee500000, 0x00000000ee600000, 0x00000000ee600000|100%| E|CS|TAMS 0x00000000ee500000| PB 0x00000000ee500000| Complete 
| 230|0x00000000ee600000, 0x00000000ee700000, 0x00000000ee700000|100%| E|CS|TAMS 0x00000000ee600000| PB 0x00000000ee600000| Complete 
| 231|0x00000000ee700000, 0x00000000ee800000, 0x00000000ee800000|100%| E|CS|TAMS 0x00000000ee700000| PB 0x00000000ee700000| Complete 
| 232|0x00000000ee800000, 0x00000000ee900000, 0x00000000ee900000|100%| E|CS|TAMS 0x00000000ee800000| PB 0x00000000ee800000| Complete 
| 233|0x00000000ee900000, 0x00000000eea00000, 0x00000000eea00000|100%| E|CS|TAMS 0x00000000ee900000| PB 0x00000000ee900000| Complete 
| 234|0x00000000eea00000, 0x00000000eeb00000, 0x00000000eeb00000|100%| E|CS|TAMS 0x00000000eea00000| PB 0x00000000eea00000| Complete 
| 235|0x00000000eeb00000, 0x00000000eec00000, 0x00000000eec00000|100%| E|CS|TAMS 0x00000000eeb00000| PB 0x00000000eeb00000| Complete 
| 236|0x00000000eec00000, 0x00000000eed00000, 0x00000000eed00000|100%| E|CS|TAMS 0x00000000eec00000| PB 0x00000000eec00000| Complete 
| 237|0x00000000eed00000, 0x00000000eee00000, 0x00000000eee00000|100%| E|CS|TAMS 0x00000000eed00000| PB 0x00000000eed00000| Complete 
| 238|0x00000000eee00000, 0x00000000eef00000, 0x00000000eef00000|100%| E|CS|TAMS 0x00000000eee00000| PB 0x00000000eee00000| Complete 
| 239|0x00000000eef00000, 0x00000000ef000000, 0x00000000ef000000|100%| E|CS|TAMS 0x00000000eef00000| PB 0x00000000eef00000| Complete 
| 240|0x00000000ef000000, 0x00000000ef100000, 0x00000000ef100000|100%| E|CS|TAMS 0x00000000ef000000| PB 0x00000000ef000000| Complete 
| 241|0x00000000ef100000, 0x00000000ef200000, 0x00000000ef200000|100%| E|CS|TAMS 0x00000000ef100000| PB 0x00000000ef100000| Complete 
| 242|0x00000000ef200000, 0x00000000ef300000, 0x00000000ef300000|100%| E|CS|TAMS 0x00000000ef200000| PB 0x00000000ef200000| Complete 
| 243|0x00000000ef300000, 0x00000000ef400000, 0x00000000ef400000|100%| E|CS|TAMS 0x00000000ef300000| PB 0x00000000ef300000| Complete 
| 244|0x00000000ef400000, 0x00000000ef500000, 0x00000000ef500000|100%| E|CS|TAMS 0x00000000ef400000| PB 0x00000000ef400000| Complete 
| 245|0x00000000ef500000, 0x00000000ef600000, 0x00000000ef600000|100%| E|CS|TAMS 0x00000000ef500000| PB 0x00000000ef500000| Complete 
| 246|0x00000000ef600000, 0x00000000ef700000, 0x00000000ef700000|100%| E|CS|TAMS 0x00000000ef600000| PB 0x00000000ef600000| Complete 
| 247|0x00000000ef700000, 0x00000000ef800000, 0x00000000ef800000|100%| E|CS|TAMS 0x00000000ef700000| PB 0x00000000ef700000| Complete 
| 248|0x00000000ef800000, 0x00000000ef900000, 0x00000000ef900000|100%| E|CS|TAMS 0x00000000ef800000| PB 0x00000000ef800000| Complete 
| 249|0x00000000ef900000, 0x00000000efa00000, 0x00000000efa00000|100%| E|CS|TAMS 0x00000000ef900000| PB 0x00000000ef900000| Complete 
| 250|0x00000000efa00000, 0x00000000efb00000, 0x00000000efb00000|100%| E|CS|TAMS 0x00000000efa00000| PB 0x00000000efa00000| Complete 
| 251|0x00000000efb00000, 0x00000000efc00000, 0x00000000efc00000|100%| E|CS|TAMS 0x00000000efb00000| PB 0x00000000efb00000| Complete 
| 252|0x00000000efc00000, 0x00000000efd00000, 0x00000000efd00000|100%| E|CS|TAMS 0x00000000efc00000| PB 0x00000000efc00000| Complete 
| 253|0x00000000efd00000, 0x00000000efe00000, 0x00000000efe00000|100%| E|CS|TAMS 0x00000000efd00000| PB 0x00000000efd00000| Complete 
| 254|0x00000000efe00000, 0x00000000eff00000, 0x00000000eff00000|100%| E|CS|TAMS 0x00000000efe00000| PB 0x00000000efe00000| Complete 
| 255|0x00000000eff00000, 0x00000000f0000000, 0x00000000f0000000|100%| E|CS|TAMS 0x00000000eff00000| PB 0x00000000eff00000| Complete 
| 256|0x00000000f0000000, 0x00000000f0100000, 0x00000000f0100000|100%| S|  |TAMS 0x00000000f0000000| PB 0x00000000f0000000| Complete 
| 257|0x00000000f0100000, 0x00000000f0200000, 0x00000000f0200000|100%| S|  |TAMS 0x00000000f0100000| PB 0x00000000f0100000| Complete 
| 511|0x00000000fff00000, 0x00000000fffef860, 0x0000000100000000| 93%| O|  |TAMS 0x00000000fff00000| PB 0x00000000fff00000| Untracked 

Card table byte_map: [0x000001a1c7b80000,0x000001a1c7c80000] _byte_map_base: 0x000001a1c7480000

Marking Bits: (CMBitMap*) 0x000001a1b59aa1d0
 Bits: [0x000001a1c7c80000, 0x000001a1c8480000)

Polling page: 0x000001a1b3800000

Metaspace:

Usage:
  Non-class:     75.77 MB used.
      Class:     12.11 MB used.
       Both:     87.88 MB used.

Virtual space:
  Non-class space:      128.00 MB reserved,      76.38 MB ( 60%) committed,  2 nodes.
      Class space:      320.00 MB reserved,      13.50 MB (  4%) committed,  1 nodes.
             Both:      448.00 MB reserved,      89.88 MB ( 20%) committed. 

Chunk freelists:
   Non-Class:  19.63 MB
       Class:  3.24 MB
        Both:  22.87 MB

MaxMetaspaceSize: 384.00 MB
CompressedClassSpaceSize: 320.00 MB
Initial GC threshold: 21.00 MB
Current GC threshold: 159.00 MB
CDS: on
 - commit_granule_bytes: 65536.
 - commit_granule_words: 8192.
 - virtual_space_node_default_size: 8388608.
 - enlarge_chunks_in_place: 1.
 - use_allocation_guard: 0.


Internal statistics:

num_allocs_failed_limit: 15.
num_arena_births: 4128.
num_arena_deaths: 2464.
num_vsnodes_births: 3.
num_vsnodes_deaths: 0.
num_space_committed: 1557.
num_space_uncommitted: 39.
num_chunks_returned_to_freelist: 3206.
num_chunks_taken_from_freelist: 9474.
num_chunk_merges: 1152.
num_chunk_splits: 5666.
num_chunks_enlarged: 3553.
num_inconsistent_stats: 0.

CodeHeap 'non-profiled nmethods': size=120000Kb used=9647Kb max_used=10186Kb free=110352Kb
 bounds [0x000001a1c0650000, 0x000001a1c1050000, 0x000001a1c7b80000]
CodeHeap 'profiled nmethods': size=120000Kb used=20108Kb max_used=21710Kb free=99891Kb
 bounds [0x000001a1b8b80000, 0x000001a1ba0c0000, 0x000001a1c00b0000]
CodeHeap 'non-nmethods': size=5760Kb used=2691Kb max_used=2804Kb free=3069Kb
 bounds [0x000001a1c00b0000, 0x000001a1c0380000, 0x000001a1c0650000]
CodeCache: size=245760Kb, used=32446Kb, max_used=34700Kb, free=213312Kb
 total_blobs=12034, nmethods=11081, adapters=857, full_count=0
Compilation: enabled, stopped_count=0, restarted_count=0

Compilation events (20 events):
Event: 532.327 Thread 0x000001a1caab1ff0 14561       3       java.math.SignedMutableBigInteger::signedSubtract (34 bytes)
Event: 532.328 Thread 0x000001a1caab1ff0 nmethod 14561 0x000001a1b9012b90 code [0x000001a1b9012d60, 0x000001a1b9013068]
Event: 532.335 Thread 0x000001a1caab1ff0 14562       3       java.util.ImmutableCollections$MapN$MapNIterator::nextIndex (56 bytes)
Event: 532.335 Thread 0x000001a1caab1ff0 nmethod 14562 0x000001a1b90ced90 code [0x000001a1b90cef40, 0x000001a1b90cf0c0]
Event: 532.363 Thread 0x000001a1caaaac00 14563 %     4       java.util.jar.Manifest::read @ 48 (411 bytes)
Event: 532.395 Thread 0x000001a1caab1ff0 14565       3       sun.security.util.DerValue::subs (75 bytes)
Event: 532.396 Thread 0x000001a1caab1ff0 nmethod 14565 0x000001a1b9344d10 code [0x000001a1b9344f80, 0x000001a1b93459a8]
Event: 532.396 Thread 0x000001a1caab1ff0 14566       3       sun.security.util.DerValue::toByteArray (91 bytes)
Event: 532.396 Thread 0x000001a1caab1ff0 nmethod 14566 0x000001a1b9232890 code [0x000001a1b9232ac0, 0x000001a1b92332b8]
Event: 532.401 Thread 0x000001a1caab1ff0 14567       3       sun.security.util.DerValue::toDigit (51 bytes)
Event: 532.402 Thread 0x000001a1caab1ff0 nmethod 14567 0x000001a1b95ec210 code [0x000001a1b95ec460, 0x000001a1b95ecb10]
Event: 532.414 Thread 0x000001a1caab1ff0 14568       3       java.util.KeyValueHolder::<init> (21 bytes)
Event: 532.414 Thread 0x000001a1caab1ff0 nmethod 14568 0x000001a1b9361690 code [0x000001a1b9361880, 0x000001a1b9361d48]
Event: 532.422 Thread 0x000001a1caab1ff0 14569 %     3       java.util.Hashtable::rehash @ 76 (142 bytes)
Event: 532.423 Thread 0x000001a1caab1ff0 nmethod 14569% 0x000001a1b8f0f990 code [0x000001a1b8f0fbc0, 0x000001a1b8f10378]
Event: 532.424 Thread 0x000001a1caab1ff0 14570       3       java.util.Hashtable::rehash (142 bytes)
Event: 532.425 Thread 0x000001a1caab1ff0 nmethod 14570 0x000001a1b8d10190 code [0x000001a1b8d103a0, 0x000001a1b8d10a68]
Event: 532.472 Thread 0x000001a1caaaac00 nmethod 14563% 0x000001a1c082f090 code [0x000001a1c082f4e0, 0x000001a1c0832200]
Event: 532.473 Thread 0x000001a1caaaac00 14564 %     4       sun.security.util.ManifestDigester::<init> @ 241 (390 bytes)
Event: 532.529 Thread 0x000001a1caaaac00 nmethod 14564% 0x000001a1c08c5890 code [0x000001a1c08c5bc0, 0x000001a1c08c7df8]

GC Heap History (20 events):
Event: 118.078 GC heap after
{Heap after GC invocations=20 (full 0):
 garbage-first heap   total 262144K, used 93696K [0x00000000e0000000, 0x0000000100000000)
  region size 1024K, 14 young (14336K), 14 survivors (14336K)
 Metaspace       used 68184K, committed 70144K, reserved 393216K
  class space    used 9644K, committed 10560K, reserved 327680K
}
Event: 122.138 GC heap before
{Heap before GC invocations=20 (full 0):
 garbage-first heap   total 262144K, used 223744K [0x00000000e0000000, 0x0000000100000000)
  region size 1024K, 133 young (136192K), 14 survivors (14336K)
 Metaspace       used 76681K, committed 78592K, reserved 458752K
  class space    used 10662K, committed 11584K, reserved 327680K
}
Event: 122.164 GC heap after
{Heap after GC invocations=21 (full 0):
 garbage-first heap   total 262144K, used 106058K [0x00000000e0000000, 0x0000000100000000)
  region size 1024K, 12 young (12288K), 12 survivors (12288K)
 Metaspace       used 76681K, committed 78592K, reserved 458752K
  class space    used 10662K, committed 11584K, reserved 327680K
}
Event: 124.058 GC heap before
{Heap before GC invocations=21 (full 0):
 garbage-first heap   total 262144K, used 214602K [0x00000000e0000000, 0x0000000100000000)
  region size 1024K, 119 young (121856K), 12 survivors (12288K)
 Metaspace       used 79423K, committed 81536K, reserved 458752K
  class space    used 11127K, committed 12160K, reserved 327680K
}
Event: 124.104 GC heap after
{Heap after GC invocations=22 (full 0):
 garbage-first heap   total 262144K, used 111885K [0x00000000e0000000, 0x0000000100000000)
  region size 1024K, 9 young (9216K), 9 survivors (9216K)
 Metaspace       used 79423K, committed 81536K, reserved 458752K
  class space    used 11127K, committed 12160K, reserved 327680K
}
Event: 126.637 GC heap before
{Heap before GC invocations=23 (full 0):
 garbage-first heap   total 262144K, used 236813K [0x00000000e0000000, 0x0000000100000000)
  region size 1024K, 119 young (121856K), 9 survivors (9216K)
 Metaspace       used 89966K, committed 92096K, reserved 458752K
  class space    used 12562K, committed 13568K, reserved 327680K
}
Event: 126.653 GC heap after
{Heap after GC invocations=24 (full 0):
 garbage-first heap   total 262144K, used 130317K [0x00000000e0000000, 0x0000000100000000)
  region size 1024K, 15 young (15360K), 15 survivors (15360K)
 Metaspace       used 89966K, committed 92096K, reserved 458752K
  class space    used 12562K, committed 13568K, reserved 327680K
}
Event: 129.079 GC heap before
{Heap before GC invocations=24 (full 0):
 garbage-first heap   total 262144K, used 231693K [0x00000000e0000000, 0x0000000100000000)
  region size 1024K, 114 young (116736K), 15 survivors (15360K)
 Metaspace       used 94637K, committed 96896K, reserved 458752K
  class space    used 13288K, committed 14400K, reserved 327680K
}
Event: 129.108 GC heap after
{Heap after GC invocations=25 (full 0):
 garbage-first heap   total 262144K, used 136142K [0x00000000e0000000, 0x0000000100000000)
  region size 1024K, 15 young (15360K), 15 survivors (15360K)
 Metaspace       used 94637K, committed 96896K, reserved 458752K
  class space    used 13288K, committed 14400K, reserved 327680K
}
Event: 159.160 GC heap before
{Heap before GC invocations=25 (full 0):
 garbage-first heap   total 262144K, used 233422K [0x00000000e0000000, 0x0000000100000000)
  region size 1024K, 110 young (112640K), 15 survivors (15360K)
 Metaspace       used 95384K, committed 97664K, reserved 458752K
  class space    used 13392K, committed 14528K, reserved 327680K
}
Event: 159.192 GC heap after
{Heap after GC invocations=26 (full 0):
 garbage-first heap   total 262144K, used 146944K [0x00000000e0000000, 0x0000000100000000)
  region size 1024K, 11 young (11264K), 11 survivors (11264K)
 Metaspace       used 95384K, committed 97664K, reserved 458752K
  class space    used 13392K, committed 14528K, reserved 327680K
}
Event: 161.504 GC heap before
{Heap before GC invocations=27 (full 0):
 garbage-first heap   total 262144K, used 238080K [0x00000000e0000000, 0x0000000100000000)
  region size 1024K, 97 young (99328K), 11 survivors (11264K)
 Metaspace       used 95599K, committed 97920K, reserved 458752K
  class space    used 13423K, committed 14592K, reserved 327680K
}
Event: 161.517 GC heap after
{Heap after GC invocations=28 (full 0):
 garbage-first heap   total 262144K, used 152064K [0x00000000e0000000, 0x0000000100000000)
  region size 1024K, 7 young (7168K), 7 survivors (7168K)
 Metaspace       used 95599K, committed 97920K, reserved 458752K
  class space    used 13423K, committed 14592K, reserved 327680K
}
Event: 193.957 GC heap before
{Heap before GC invocations=28 (full 0):
 garbage-first heap   total 262144K, used 237056K [0x00000000e0000000, 0x0000000100000000)
  region size 1024K, 90 young (92160K), 7 survivors (7168K)
 Metaspace       used 95765K, committed 98112K, reserved 458752K
  class space    used 13440K, committed 14592K, reserved 327680K
}
Event: 193.969 GC heap after
{Heap after GC invocations=29 (full 0):
 garbage-first heap   total 262144K, used 151402K [0x00000000e0000000, 0x0000000100000000)
  region size 1024K, 10 young (10240K), 10 survivors (10240K)
 Metaspace       used 95765K, committed 98112K, reserved 458752K
  class space    used 13440K, committed 14592K, reserved 327680K
}
Event: 524.668 GC heap before
{Heap before GC invocations=29 (full 0):
 garbage-first heap   total 262144K, used 235370K [0x00000000e0000000, 0x0000000100000000)
  region size 1024K, 93 young (95232K), 10 survivors (10240K)
 Metaspace       used 96105K, committed 98432K, reserved 458752K
  class space    used 13478K, committed 14656K, reserved 327680K
}
Event: 524.864 GC heap after
{Heap after GC invocations=30 (full 0):
 garbage-first heap   total 262144K, used 156402K [0x00000000e0000000, 0x0000000100000000)
  region size 1024K, 8 young (8192K), 8 survivors (8192K)
 Metaspace       used 96105K, committed 98432K, reserved 458752K
  class space    used 13478K, committed 14656K, reserved 327680K
}
Event: 530.480 GC heap before
{Heap before GC invocations=31 (full 0):
 garbage-first heap   total 262144K, used 237298K [0x00000000e0000000, 0x0000000100000000)
  region size 1024K, 88 young (90112K), 8 survivors (8192K)
 Metaspace       used 84452K, committed 90816K, reserved 458752K
  class space    used 11712K, committed 13824K, reserved 327680K
}
Event: 530.512 GC heap after
{Heap after GC invocations=32 (full 0):
 garbage-first heap   total 262144K, used 154950K [0x00000000e0000000, 0x0000000100000000)
  region size 1024K, 5 young (5120K), 5 survivors (5120K)
 Metaspace       used 84452K, committed 90816K, reserved 458752K
  class space    used 11712K, committed 13824K, reserved 327680K
}
Event: 532.606 GC heap before
{Heap before GC invocations=32 (full 0):
 garbage-first heap   total 262144K, used 251206K [0x00000000e0000000, 0x0000000100000000)
  region size 1024K, 88 young (90112K), 5 survivors (5120K)
 Metaspace       used 89984K, committed 92032K, reserved 458752K
  class space    used 12400K, committed 13824K, reserved 327680K
}

Dll operation events (14 events):
Event: 0.064 Loaded shared library C:\Users\Hp\.antigravity-ide\extensions\redhat.java-1.54.0-win32-x64\jre\21.0.10-win32-x86_64\bin\java.dll
Event: 0.175 Loaded shared library C:\Users\Hp\.antigravity-ide\extensions\redhat.java-1.54.0-win32-x64\jre\21.0.10-win32-x86_64\bin\zip.dll
Event: 0.208 Loaded shared library C:\Users\Hp\.antigravity-ide\extensions\redhat.java-1.54.0-win32-x64\jre\21.0.10-win32-x86_64\bin\instrument.dll
Event: 0.216 Loaded shared library C:\Users\Hp\.antigravity-ide\extensions\redhat.java-1.54.0-win32-x64\jre\21.0.10-win32-x86_64\bin\net.dll
Event: 0.220 Loaded shared library C:\Users\Hp\.antigravity-ide\extensions\redhat.java-1.54.0-win32-x64\jre\21.0.10-win32-x86_64\bin\nio.dll
Event: 0.224 Loaded shared library C:\Users\Hp\.antigravity-ide\extensions\redhat.java-1.54.0-win32-x64\jre\21.0.10-win32-x86_64\bin\zip.dll
Event: 1.490 Loaded shared library C:\Users\Hp\.antigravity-ide\extensions\redhat.java-1.54.0-win32-x64\jre\21.0.10-win32-x86_64\bin\jimage.dll
Event: 2.304 Loaded shared library C:\Users\Hp\.antigravity-ide\extensions\redhat.java-1.54.0-win32-x64\jre\21.0.10-win32-x86_64\bin\verify.dll
Event: 2.670 Loaded shared library C:\Users\Hp\.gradle\native\c067742578af261105cb4f569cf0c3c89f3d7b1fecec35dd04571415982c5e48\windows-amd64\native-platform.dll
Event: 2.692 Loaded shared library C:\Users\Hp\.gradle\native\100fb08df4bc3b14c8652ba06237920a3bd2aa13389f12d3474272988ae205f9\windows-amd64\native-platform-file-events.dll
Event: 5.359 Loaded shared library C:\Users\Hp\.antigravity-ide\extensions\redhat.java-1.54.0-win32-x64\jre\21.0.10-win32-x86_64\bin\management.dll
Event: 5.366 Loaded shared library C:\Users\Hp\.antigravity-ide\extensions\redhat.java-1.54.0-win32-x64\jre\21.0.10-win32-x86_64\bin\management_ext.dll
Event: 5.828 Loaded shared library C:\Users\Hp\.antigravity-ide\extensions\redhat.java-1.54.0-win32-x64\jre\21.0.10-win32-x86_64\bin\extnet.dll
Event: 6.100 Loaded shared library C:\Users\Hp\.antigravity-ide\extensions\redhat.java-1.54.0-win32-x64\jre\21.0.10-win32-x86_64\bin\sunmscapi.dll

Deoptimization events (20 events):
Event: 531.556 Thread 0x000001a1e81c0320 Uncommon trap: trap_request=0xffffffcc fr.pc=0x000001a1c08af8d4 relative=0x0000000000000134
Event: 531.556 Thread 0x000001a1e81c0320 Uncommon trap: reason=intrinsic_or_type_checked_inlining action=make_not_entrant pc=0x000001a1c08af8d4 method=com.google.common.collect.RegularImmutableList.copyIntoArray([Ljava/lang/Object;I)I @ 12 c2
Event: 531.556 Thread 0x000001a1e81c0320 DEOPT PACKING pc=0x000001a1c08af8d4 sp=0x000000594b7f7400
Event: 531.556 Thread 0x000001a1e81c0320 DEOPT UNPACKING pc=0x000001a1c0104422 sp=0x000000594b7f73b0 mode 2
Event: 531.574 Thread 0x000001a1e81c0320 Uncommon trap: trap_request=0xffffff45 fr.pc=0x000001a1c0a9f8bc relative=0x000000000000195c
Event: 531.574 Thread 0x000001a1e81c0320 Uncommon trap: reason=unstable_if action=reinterpret pc=0x000001a1c0a9f8bc method=java.lang.ref.SoftReference.get()Ljava/lang/Object; @ 6 c2
Event: 531.574 Thread 0x000001a1e81c0320 DEOPT PACKING pc=0x000001a1c0a9f8bc sp=0x000000594b7f6e40
Event: 531.574 Thread 0x000001a1e81c0320 DEOPT UNPACKING pc=0x000001a1c0104422 sp=0x000000594b7f6b88 mode 2
Event: 531.575 Thread 0x000001a1e81c0320 Uncommon trap: trap_request=0xffffff45 fr.pc=0x000001a1c0d0d2d8 relative=0x0000000000001138
Event: 531.575 Thread 0x000001a1e81c0320 Uncommon trap: reason=unstable_if action=reinterpret pc=0x000001a1c0d0d2d8 method=java.lang.ref.SoftReference.get()Ljava/lang/Object; @ 6 c2
Event: 531.575 Thread 0x000001a1e81c0320 DEOPT PACKING pc=0x000001a1c0d0d2d8 sp=0x000000594b7f6d40
Event: 531.575 Thread 0x000001a1e81c0320 DEOPT UNPACKING pc=0x000001a1c0104422 sp=0x000000594b7f6b50 mode 2
Event: 531.575 Thread 0x000001a1e81c0320 Uncommon trap: trap_request=0xffffff45 fr.pc=0x000001a1c06cf1fc relative=0x000000000000067c
Event: 531.575 Thread 0x000001a1e81c0320 Uncommon trap: reason=unstable_if action=reinterpret pc=0x000001a1c06cf1fc method=java.lang.ref.SoftReference.get()Ljava/lang/Object; @ 6 c2
Event: 531.575 Thread 0x000001a1e81c0320 DEOPT PACKING pc=0x000001a1c06cf1fc sp=0x000000594b7f6cd0
Event: 531.575 Thread 0x000001a1e81c0320 DEOPT UNPACKING pc=0x000001a1c0104422 sp=0x000000594b7f6b48 mode 2
Event: 531.740 Thread 0x000001a1e81c0320 Uncommon trap: trap_request=0xffffff45 fr.pc=0x000001a1c0fa11bc relative=0x00000000000006dc
Event: 531.740 Thread 0x000001a1e81c0320 Uncommon trap: reason=unstable_if action=reinterpret pc=0x000001a1c0fa11bc method=java.lang.ref.SoftReference.get()Ljava/lang/Object; @ 6 c2
Event: 531.740 Thread 0x000001a1e81c0320 DEOPT PACKING pc=0x000001a1c0fa11bc sp=0x000000594b7f65c0
Event: 531.740 Thread 0x000001a1e81c0320 DEOPT UNPACKING pc=0x000001a1c0104422 sp=0x000000594b7f6498 mode 2

Classes loaded (20 events):
Event: 129.185 Loading class java/util/HashMapCustomizer
Event: 129.185 Loading class java/util/HashMapCustomizer done
Event: 129.186 Loading class java/util/HashMapCustomizer
Event: 129.186 Loading class java/util/HashMapCustomizer done
Event: 129.187 Loading class java/util/LinkedHashMapCustomizer
Event: 129.187 Loading class java/util/LinkedHashMapCustomizer done
Event: 129.188 Loading class java/util/LinkedHashMapCustomizer
Event: 129.188 Loading class java/util/LinkedHashMapCustomizer done
Event: 129.311 Loading class java/lang/StringBeanInfo
Event: 129.311 Loading class java/lang/StringBeanInfo done
Event: 129.312 Loading class java/lang/StringBeanInfo
Event: 129.312 Loading class java/lang/StringBeanInfo done
Event: 129.313 Loading class java/lang/StringCustomizer
Event: 129.313 Loading class java/lang/StringCustomizer done
Event: 129.313 Loading class java/lang/StringCustomizer
Event: 129.313 Loading class java/lang/StringCustomizer done
Event: 129.902 Loading class java/util/HashMap$UnsafeHolder
Event: 129.903 Loading class java/util/HashMap$UnsafeHolder done
Event: 161.657 Loading class java/util/concurrent/CompletableFuture$Signaller
Event: 161.658 Loading class java/util/concurrent/CompletableFuture$Signaller done

Classes unloaded (20 events):
Event: 526.417 Thread 0x000001a1caa84070 Unloading class 0x000001a1cc0dc000 'java/lang/invoke/LambdaForm$BMH+0x000001a1cc0dc000'
Event: 526.417 Thread 0x000001a1caa84070 Unloading class 0x000001a1cc0a9400 'java/lang/invoke/LambdaForm$MH+0x000001a1cc0a9400'
Event: 526.417 Thread 0x000001a1caa84070 Unloading class 0x000001a1cc0a9000 'java/lang/invoke/LambdaForm$MH+0x000001a1cc0a9000'
Event: 526.417 Thread 0x000001a1caa84070 Unloading class 0x000001a1cc0a8c00 'java/lang/invoke/LambdaForm$MH+0x000001a1cc0a8c00'
Event: 526.417 Thread 0x000001a1caa84070 Unloading class 0x000001a1cc099000 'java/lang/invoke/LambdaForm$MH+0x000001a1cc099000'
Event: 526.417 Thread 0x000001a1caa84070 Unloading class 0x000001a1cc098c00 'java/lang/invoke/LambdaForm$MH+0x000001a1cc098c00'
Event: 526.417 Thread 0x000001a1caa84070 Unloading class 0x000001a1cc098400 'java/lang/invoke/LambdaForm$MH+0x000001a1cc098400'
Event: 526.417 Thread 0x000001a1caa84070 Unloading class 0x000001a1cc098000 'java/lang/invoke/LambdaForm$MH+0x000001a1cc098000'
Event: 526.417 Thread 0x000001a1caa84070 Unloading class 0x000001a1cc094c00 'java/lang/invoke/LambdaForm$MH+0x000001a1cc094c00'
Event: 526.417 Thread 0x000001a1caa84070 Unloading class 0x000001a1cc094400 'java/lang/invoke/LambdaForm$MH+0x000001a1cc094400'
Event: 526.417 Thread 0x000001a1caa84070 Unloading class 0x000001a1cc094000 'java/lang/invoke/LambdaForm$MH+0x000001a1cc094000'
Event: 526.417 Thread 0x000001a1caa84070 Unloading class 0x000001a1cc080000 'java/lang/invoke/LambdaForm$DMH+0x000001a1cc080000'
Event: 526.417 Thread 0x000001a1caa84070 Unloading class 0x000001a1cc02a400 'java/lang/invoke/LambdaForm$MH+0x000001a1cc02a400'
Event: 526.417 Thread 0x000001a1caa84070 Unloading class 0x000001a1cc02a000 'java/lang/invoke/LambdaForm$MH+0x000001a1cc02a000'
Event: 526.417 Thread 0x000001a1caa84070 Unloading class 0x000001a1cc028400 'java/lang/invoke/LambdaForm$MH+0x000001a1cc028400'
Event: 526.417 Thread 0x000001a1caa84070 Unloading class 0x000001a1cc01c400 'java/lang/invoke/LambdaForm$MH+0x000001a1cc01c400'
Event: 526.418 Thread 0x000001a1caa84070 Unloading class 0x000001a1cc002400 'java/lang/invoke/LambdaForm$MH+0x000001a1cc002400'
Event: 526.418 Thread 0x000001a1caa84070 Unloading class 0x000001a1cc002000 'java/lang/invoke/LambdaForm$MH+0x000001a1cc002000'
Event: 526.418 Thread 0x000001a1caa84070 Unloading class 0x000001a1cc001c00 'java/lang/invoke/LambdaForm$MH+0x000001a1cc001c00'
Event: 526.418 Thread 0x000001a1caa84070 Unloading class 0x000001a1cc001400 'java/lang/invoke/LambdaForm$MH+0x000001a1cc001400'

Classes redefined (0 events):
No events

Internal exceptions (20 events):
Event: 466.050 Thread 0x000001a1cab434c0 Implicit null exception at 0x000001a1c06a2420 to 0x000001a1c06a29d8
Event: 516.882 Thread 0x000001a1e81c0320 Exception <a 'sun/nio/fs/WindowsException'{0x00000000ed413650}> (0x00000000ed413650) 
thrown [s\src\hotspot\share\prims\jni.cpp, line 520]
Event: 516.888 Thread 0x000001a1e81c0320 Exception <a 'sun/nio/fs/WindowsException'{0x00000000ed414ae0}> (0x00000000ed414ae0) 
thrown [s\src\hotspot\share\prims\jni.cpp, line 520]
Event: 516.889 Thread 0x000001a1e81c0320 Exception <a 'sun/nio/fs/WindowsException'{0x00000000ed415f60}> (0x00000000ed415f60) 
thrown [s\src\hotspot\share\prims\jni.cpp, line 520]
Event: 516.891 Thread 0x000001a1e81c0320 Exception <a 'sun/nio/fs/WindowsException'{0x00000000ed4173b8}> (0x00000000ed4173b8) 
thrown [s\src\hotspot\share\prims\jni.cpp, line 520]
Event: 518.521 Thread 0x000001a1e81c0320 Exception <a 'java/lang/ClassNotFoundException'{0x00000000ed3075d8}: settings_4vnn1iay7gucpauap2hy9d6pzBeanInfo> (0x00000000ed3075d8) 
thrown [s\src\hotspot\share\classfile\systemDictionary.cpp, line 312]
Event: 518.527 Thread 0x000001a1e81c0320 Exception <a 'java/lang/ClassNotFoundException'{0x00000000ed30d268}: settings_4vnn1iay7gucpauap2hy9d6pzCustomizer> (0x00000000ed30d268) 
thrown [s\src\hotspot\share\classfile\systemDictionary.cpp, line 312]
Event: 519.352 Thread 0x000001a1e81c0320 Exception <a 'java/lang/ClassNotFoundException'{0x00000000ed228898}: build_94ahwc4eieffufel5k0sjxepqBeanInfo> (0x00000000ed228898) 
thrown [s\src\hotspot\share\classfile\systemDictionary.cpp, line 312]
Event: 519.367 Thread 0x000001a1e81c0320 Exception <a 'java/lang/ClassNotFoundException'{0x00000000ed22f278}: build_94ahwc4eieffufel5k0sjxepqCustomizer> (0x00000000ed22f278) 
thrown [s\src\hotspot\share\classfile\systemDictionary.cpp, line 312]
Event: 524.420 Thread 0x000001a1e9d67af0 Implicit null exception at 0x000001a1c0c6d740 to 0x000001a1c0c6d7b5
Event: 530.758 Thread 0x000001a1e81c0320 Exception <a 'java/lang/ClassNotFoundException'{0x00000000ef0d90e0}: build_94ahwc4eieffufel5k0sjxepqBeanInfo> (0x00000000ef0d90e0) 
thrown [s\src\hotspot\share\classfile\systemDictionary.cpp, line 312]
Event: 530.759 Thread 0x000001a1e81c0320 Exception <a 'java/lang/ClassNotFoundException'{0x00000000ef0dfa48}: build_94ahwc4eieffufel5k0sjxepqCustomizer> (0x00000000ef0dfa48) 
thrown [s\src\hotspot\share\classfile\systemDictionary.cpp, line 312]
Event: 531.028 Thread 0x000001a1e81c0320 Implicit null exception at 0x000001a1c0829a9a to 0x000001a1c0829cf8
Event: 531.395 Thread 0x000001a1e81c0320 Implicit null exception at 0x000001a1c06a19ce to 0x000001a1c06a1e5c
Event: 531.396 Thread 0x000001a1e81c0320 Implicit null exception at 0x000001a1c0b9f7eb to 0x000001a1c0b9f934
Event: 531.527 Thread 0x000001a1e81c0320 Implicit null exception at 0x000001a1c07cdaae to 0x000001a1c07ce528
Event: 531.574 Thread 0x000001a1e81c0320 Implicit null exception at 0x000001a1c0a9e8f2 to 0x000001a1c0a9f894
Event: 531.575 Thread 0x000001a1e81c0320 Implicit null exception at 0x000001a1c0d0c8a0 to 0x000001a1c0d0d2a8
Event: 531.575 Thread 0x000001a1e81c0320 Implicit null exception at 0x000001a1c06ced4e to 0x000001a1c06cf1e4
Event: 531.740 Thread 0x000001a1e81c0320 Implicit null exception at 0x000001a1c0fa0cae to 0x000001a1c0fa11a4

ZGC Phase Switch (0 events):
No events

VM Operations (20 events):
Event: 522.564 Executing safepoint VM operation: Cleanup done
Event: 523.580 Executing safepoint VM operation: Cleanup
Event: 523.591 Executing safepoint VM operation: Cleanup done
Event: 524.606 Executing safepoint VM operation: Cleanup
Event: 524.606 Executing safepoint VM operation: Cleanup done
Event: 524.655 Executing safepoint VM operation: G1CollectForAllocation (G1 Evacuation Pause)
Event: 524.865 Executing safepoint VM operation: G1CollectForAllocation (G1 Evacuation Pause) done
Event: 525.878 Executing safepoint VM operation: Cleanup
Event: 525.878 Executing safepoint VM operation: Cleanup done
Event: 526.065 Executing safepoint VM operation: G1PauseRemark
Event: 527.181 Executing safepoint VM operation: G1PauseRemark done
Event: 527.413 Executing safepoint VM operation: G1PauseCleanup
Event: 527.628 Executing safepoint VM operation: G1PauseCleanup done
Event: 530.480 Executing safepoint VM operation: G1CollectForAllocation (G1 Evacuation Pause)
Event: 530.512 Executing safepoint VM operation: G1CollectForAllocation (G1 Evacuation Pause) done
Event: 531.514 Executing safepoint VM operation: Cleanup
Event: 531.515 Executing safepoint VM operation: Cleanup done
Event: 532.516 Executing safepoint VM operation: Cleanup
Event: 532.516 Executing safepoint VM operation: Cleanup done
Event: 532.605 Executing safepoint VM operation: G1CollectForAllocation (G1 Evacuation Pause)

Memory protections (0 events):
No events

Nmethod flushes (20 events):
Event: 527.018 Thread 0x000001a1caa84070 flushing  nmethod 0x000001a1b9788010
Event: 527.018 Thread 0x000001a1caa84070 flushing  nmethod 0x000001a1b99cb710
Event: 527.018 Thread 0x000001a1caa84070 flushing  nmethod 0x000001a1b9a17910
Event: 527.018 Thread 0x000001a1caa84070 flushing  nmethod 0x000001a1b9a9c810
Event: 527.018 Thread 0x000001a1caa84070 flushing  nmethod 0x000001a1b9a9d410
Event: 527.018 Thread 0x000001a1caa84070 flushing  nmethod 0x000001a1b9a9d890
Event: 527.019 Thread 0x000001a1caa84070 flushing  nmethod 0x000001a1b9a9e510
Event: 527.019 Thread 0x000001a1caa84070 flushing  nmethod 0x000001a1b9b08110
Event: 527.019 Thread 0x000001a1caa84070 flushing  nmethod 0x000001a1b9b09a90
Event: 527.019 Thread 0x000001a1caa84070 flushing  nmethod 0x000001a1b9be4790
Event: 527.019 Thread 0x000001a1caa84070 flushing  nmethod 0x000001a1b9be5f90
Event: 527.019 Thread 0x000001a1caa84070 flushing  nmethod 0x000001a1b9cef690
Event: 527.019 Thread 0x000001a1caa84070 flushing  nmethod 0x000001a1b9d53810
Event: 527.019 Thread 0x000001a1caa84070 flushing  nmethod 0x000001a1b9d87d90
Event: 527.019 Thread 0x000001a1caa84070 flushing  nmethod 0x000001a1b9e11210
Event: 527.019 Thread 0x000001a1caa84070 flushing  nmethod 0x000001a1b9ebb390
Event: 527.019 Thread 0x000001a1caa84070 flushing  nmethod 0x000001a1ba006710
Event: 527.019 Thread 0x000001a1caa84070 flushing  nmethod 0x000001a1ba007d10
Event: 527.019 Thread 0x000001a1caa84070 flushing  nmethod 0x000001a1ba008210
Event: 527.019 Thread 0x000001a1caa84070 flushing  nmethod 0x000001a1ba02ac90

Events (20 events):
Event: 514.279 Thread 0x000001a1e81c16d0 Thread added: 0x000001a1e81c1040
Event: 514.423 Thread 0x000001a1e81c16d0 Thread added: 0x000001a1e81c1d60
Event: 514.524 Thread 0x000001a1e81c16d0 Thread added: 0x000001a1e81c0320
Event: 514.679 Thread 0x000001a1e81c0320 Thread added: 0x000001a1e81c09b0
Event: 514.739 Thread 0x000001a1e81c0320 Thread added: 0x000001a1e81c23f0
Event: 514.747 Thread 0x000001a1e81c0320 Thread added: 0x000001a1e81c2a80
Event: 515.460 Thread 0x000001a1e81c0320 Thread added: 0x000001a1e81bf600
Event: 515.511 Thread 0x000001a1e81c0320 Thread added: 0x000001a1e81c44c0
Event: 516.143 Thread 0x000001a1e81c0320 Thread added: 0x000001a1e81c3e30
Event: 516.261 Thread 0x000001a1e81c0320 Thread added: 0x000001a1e81c4b50
Event: 516.378 Thread 0x000001a1e81c0320 Thread added: 0x000001a1e81c6590
Event: 522.722 Thread 0x000001a1e81c0320 Thread added: 0x000001a1e81c5870
Event: 522.722 Thread 0x000001a1e81c0320 Thread added: 0x000001a1e81c5f00
Event: 522.732 Thread 0x000001a1e81c0320 Thread added: 0x000001a1e81c37a0
Event: 523.366 Thread 0x000001a1e81c0320 Thread added: 0x000001a1e9d61f10
Event: 523.381 Thread 0x000001a1e81c0320 Thread added: 0x000001a1e9d611f0
Event: 523.386 Thread 0x000001a1e81c0320 Thread added: 0x000001a1e9d65a20
Event: 524.219 Thread 0x000001a1e81c0320 Thread added: 0x000001a1e9d660b0
Event: 524.220 Thread 0x000001a1e81c0320 Thread added: 0x000001a1e9d66dd0
Event: 524.222 Thread 0x000001a1e81c0320 Thread added: 0x000001a1e9d67af0


Dynamic libraries:
0x00007ff77fb50000 - 0x00007ff77fb5e000 	C:\Users\Hp\.antigravity-ide\extensions\redhat.java-1.54.0-win32-x64\jre\21.0.10-win32-x86_64\bin\java.exe
0x00007ffd38460000 - 0x00007ffd386c7000 	C:\WINDOWS\SYSTEM32\ntdll.dll
0x00007ffd37660000 - 0x00007ffd37729000 	C:\WINDOWS\System32\KERNEL32.DLL
0x00007ffd35170000 - 0x00007ffd35567000 	C:\WINDOWS\System32\KERNELBASE.dll
0x00007ffd35570000 - 0x00007ffd356bb000 	C:\WINDOWS\System32\ucrtbase.dll
0x00007ffd0d3b0000 - 0x00007ffd0d3c8000 	C:\Users\Hp\.antigravity-ide\extensions\redhat.java-1.54.0-win32-x64\jre\21.0.10-win32-x86_64\bin\jli.dll
0x00007ffd377a0000 - 0x00007ffd37966000 	C:\WINDOWS\System32\USER32.dll
0x00007ffd35010000 - 0x00007ffd35037000 	C:\WINDOWS\System32\win32u.dll
0x00007ffd380b0000 - 0x00007ffd380db000 	C:\WINDOWS\System32\GDI32.dll
0x00007ffcf4ac0000 - 0x00007ffcf4ade000 	C:\Users\Hp\.antigravity-ide\extensions\redhat.java-1.54.0-win32-x64\jre\21.0.10-win32-x86_64\bin\VCRUNTIME140.dll
0x00007ffd35040000 - 0x00007ffd3516c000 	C:\WINDOWS\System32\gdi32full.dll
0x00007ffd356c0000 - 0x00007ffd35763000 	C:\WINDOWS\System32\msvcp_win.dll
0x00007ffd1f200000 - 0x00007ffd1f492000 	C:\WINDOWS\WinSxS\amd64_microsoft.windows.common-controls_6595b64144ccf1df_6.0.26100.8457_none_3e0b2faee331e92d\COMCTL32.dll
0x00007ffd38370000 - 0x00007ffd38419000 	C:\WINDOWS\System32\msvcrt.dll
0x00007ffd375f0000 - 0x00007ffd37622000 	C:\WINDOWS\System32\IMM32.DLL
0x00007ffd2b3e0000 - 0x00007ffd2b3ec000 	C:\Users\Hp\.antigravity-ide\extensions\redhat.java-1.54.0-win32-x64\jre\21.0.10-win32-x86_64\bin\vcruntime140_1.dll
0x00007ffce84d0000 - 0x00007ffce855d000 	C:\Users\Hp\.antigravity-ide\extensions\redhat.java-1.54.0-win32-x64\jre\21.0.10-win32-x86_64\bin\msvcp140.dll
0x00007ffce5530000 - 0x00007ffce62d1000 	C:\Users\Hp\.antigravity-ide\extensions\redhat.java-1.54.0-win32-x64\jre\21.0.10-win32-x86_64\bin\server\jvm.dll
0x00007ffd37a80000 - 0x00007ffd37b36000 	C:\WINDOWS\System32\ADVAPI32.dll
0x00007ffd379d0000 - 0x00007ffd37a77000 	C:\WINDOWS\System32\sechost.dll
0x00007ffd36270000 - 0x00007ffd36388000 	C:\WINDOWS\System32\RPCRT4.dll
0x00007ffd361e0000 - 0x00007ffd36260000 	C:\WINDOWS\System32\WS2_32.dll
0x00007ffd34cf0000 - 0x00007ffd34d4e000 	C:\WINDOWS\SYSTEM32\POWRPROF.dll
0x00007ffd18fe0000 - 0x00007ffd19016000 	C:\WINDOWS\SYSTEM32\WINMM.dll
0x00007ffd253f0000 - 0x00007ffd253fb000 	C:\WINDOWS\SYSTEM32\VERSION.dll
0x00007ffd34cd0000 - 0x00007ffd34ce4000 	C:\WINDOWS\SYSTEM32\UMPDC.dll
0x00007ffd33be0000 - 0x00007ffd33bfb000 	C:\WINDOWS\SYSTEM32\kernel.appcore.dll
0x00007ffd187a0000 - 0x00007ffd187aa000 	C:\Users\Hp\.antigravity-ide\extensions\redhat.java-1.54.0-win32-x64\jre\21.0.10-win32-x86_64\bin\jimage.dll
0x00007ffd2f8d0000 - 0x00007ffd2fb12000 	C:\WINDOWS\SYSTEM32\DBGHELP.DLL
0x00007ffd37d20000 - 0x00007ffd380a3000 	C:\WINDOWS\System32\combase.dll
0x00007ffd37510000 - 0x00007ffd375e9000 	C:\WINDOWS\System32\OLEAUT32.dll
0x00007ffd0aff0000 - 0x00007ffd0b02b000 	C:\WINDOWS\SYSTEM32\dbgcore.DLL
0x00007ffd36130000 - 0x00007ffd361d8000 	C:\WINDOWS\System32\bcryptPrimitives.dll
0x00007ffd0d3d0000 - 0x00007ffd0d3df000 	C:\Users\Hp\.antigravity-ide\extensions\redhat.java-1.54.0-win32-x64\jre\21.0.10-win32-x86_64\bin\instrument.dll
0x00007ffcf16d0000 - 0x00007ffcf16f0000 	C:\Users\Hp\.antigravity-ide\extensions\redhat.java-1.54.0-win32-x64\jre\21.0.10-win32-x86_64\bin\java.dll
0x00007ffd36490000 - 0x00007ffd36bfe000 	C:\WINDOWS\System32\SHELL32.dll
0x00007ffd35770000 - 0x00007ffd35fdc000 	C:\WINDOWS\System32\windows.storage.dll
0x00007ffd36390000 - 0x00007ffd36486000 	C:\WINDOWS\System32\SHCORE.dll
0x00007ffd37730000 - 0x00007ffd37796000 	C:\WINDOWS\System32\shlwapi.dll
0x00007ffd34db0000 - 0x00007ffd34dd9000 	C:\WINDOWS\SYSTEM32\profapi.dll
0x00007ffcebc90000 - 0x00007ffcebca8000 	C:\Users\Hp\.antigravity-ide\extensions\redhat.java-1.54.0-win32-x64\jre\21.0.10-win32-x86_64\bin\zip.dll
0x00007ffcefc30000 - 0x00007ffcefc40000 	C:\Users\Hp\.antigravity-ide\extensions\redhat.java-1.54.0-win32-x64\jre\21.0.10-win32-x86_64\bin\net.dll
0x00007ffd25810000 - 0x00007ffd25939000 	C:\WINDOWS\SYSTEM32\WINHTTP.dll
0x00007ffd34130000 - 0x00007ffd3419c000 	C:\WINDOWS\system32\mswsock.dll
0x00007ffceb100000 - 0x00007ffceb116000 	C:\Users\Hp\.antigravity-ide\extensions\redhat.java-1.54.0-win32-x64\jre\21.0.10-win32-x86_64\bin\nio.dll
0x00007ffd00930000 - 0x00007ffd00940000 	C:\Users\Hp\.antigravity-ide\extensions\redhat.java-1.54.0-win32-x64\jre\21.0.10-win32-x86_64\bin\verify.dll
0x00007ffd1ab90000 - 0x00007ffd1abb7000 	C:\Users\Hp\.gradle\native\c067742578af261105cb4f569cf0c3c89f3d7b1fecec35dd04571415982c5e48\windows-amd64\native-platform.dll
0x00007ffcddfe0000 - 0x00007ffcde124000 	C:\Users\Hp\.gradle\native\100fb08df4bc3b14c8652ba06237920a3bd2aa13389f12d3474272988ae205f9\windows-amd64\native-platform-file-events.dll
0x00007ffd1ab30000 - 0x00007ffd1ab3a000 	C:\Users\Hp\.antigravity-ide\extensions\redhat.java-1.54.0-win32-x64\jre\21.0.10-win32-x86_64\bin\management.dll
0x00007ffd1ab00000 - 0x00007ffd1ab0c000 	C:\Users\Hp\.antigravity-ide\extensions\redhat.java-1.54.0-win32-x64\jre\21.0.10-win32-x86_64\bin\management_ext.dll
0x00007ffd380f0000 - 0x00007ffd380f8000 	C:\WINDOWS\System32\PSAPI.DLL
0x00007ffd34530000 - 0x00007ffd3454b000 	C:\WINDOWS\SYSTEM32\CRYPTSP.dll
0x00007ffd33b40000 - 0x00007ffd33b79000 	C:\WINDOWS\system32\rsaenh.dll
0x00007ffd341e0000 - 0x00007ffd34213000 	C:\WINDOWS\SYSTEM32\USERENV.dll
0x00007ffd34d80000 - 0x00007ffd34daa000 	C:\WINDOWS\SYSTEM32\bcrypt.dll
0x00007ffd34390000 - 0x00007ffd3439c000 	C:\WINDOWS\SYSTEM32\CRYPTBASE.dll
0x00007ffd335d0000 - 0x00007ffd33602000 	C:\WINDOWS\SYSTEM32\IPHLPAPI.DLL
0x00007ffd37500000 - 0x00007ffd3750a000 	C:\WINDOWS\System32\NSI.dll
0x00007ffceb0f0000 - 0x00007ffceb0f9000 	C:\Users\Hp\.antigravity-ide\extensions\redhat.java-1.54.0-win32-x64\jre\21.0.10-win32-x86_64\bin\extnet.dll
0x00007ffd008e0000 - 0x00007ffd008ee000 	C:\Users\Hp\.antigravity-ide\extensions\redhat.java-1.54.0-win32-x64\jre\21.0.10-win32-x86_64\bin\sunmscapi.dll
0x00007ffd34e90000 - 0x00007ffd35008000 	C:\WINDOWS\System32\CRYPT32.dll
0x00007ffd34690000 - 0x00007ffd346c0000 	C:\WINDOWS\SYSTEM32\ncrypt.dll
0x00007ffd34640000 - 0x00007ffd3467f000 	C:\WINDOWS\SYSTEM32\NTASN1.dll
0x00007ffd1d110000 - 0x00007ffd1d118000 	C:\WINDOWS\system32\wshunix.dll
0x00007ffd29580000 - 0x00007ffd29598000 	C:\WINDOWS\system32\napinsp.dll
0x00007ffd336c0000 - 0x00007ffd337f2000 	C:\WINDOWS\SYSTEM32\DNSAPI.dll
0x00007ffd0e490000 - 0x00007ffd0e4a3000 	C:\WINDOWS\System32\winrnr.dll
0x00007ffcadb60000 - 0x00007ffcadb82000 	C:\WINDOWS\system32\nlansp_c.dll
0x00007ffd00270000 - 0x00007ffd00286000 	C:\WINDOWS\system32\wshbth.dll
0x00007ffd1c630000 - 0x00007ffd1c63b000 	C:\Windows\System32\rasadhlp.dll
0x00007ffd24570000 - 0x00007ffd245f6000 	C:\WINDOWS\System32\fwpuclnt.dll

JVMTI agents:
C:\Users\Hp\.gradle\wrapper\dists\gradle-8.9-bin\90cnw93cvbtalezasaz0blq0a\gradle-8.9\lib\agents\gradle-instrumentation-agent-8.9.jar path:C:\Users\Hp\.antigravity-ide\extensions\redhat.java-1.54.0-win32-x64\jre\21.0.10-win32-x86_64\bin\instrument.dll, loaded, initialized, instrumentlib options:none

dbghelp: loaded successfully - version: 4.0.5 - missing functions: none
symbol engine: initialized successfully - sym options: 0x614 - pdb path: .;C:\Users\Hp\.antigravity-ide\extensions\redhat.java-1.54.0-win32-x64\jre\21.0.10-win32-x86_64\bin;C:\WINDOWS\SYSTEM32;C:\WINDOWS\WinSxS\amd64_microsoft.windows.common-controls_6595b64144ccf1df_6.0.26100.8457_none_3e0b2faee331e92d;C:\Users\Hp\.antigravity-ide\extensions\redhat.java-1.54.0-win32-x64\jre\21.0.10-win32-x86_64\bin\server;C:\Users\Hp\.gradle\native\c067742578af261105cb4f569cf0c3c89f3d7b1fecec35dd04571415982c5e48\windows-amd64;C:\Users\Hp\.gradle\native\100fb08df4bc3b14c8652ba06237920a3bd2aa13389f12d3474272988ae205f9\windows-amd64

VM Arguments:
jvm_args: --add-opens=java.base/java.util=ALL-UNNAMED --add-opens=java.base/java.lang=ALL-UNNAMED --add-opens=java.base/java.lang.invoke=ALL-UNNAMED --add-opens=java.prefs/java.util.prefs=ALL-UNNAMED --add-exports=jdk.compiler/com.sun.tools.javac.api=ALL-UNNAMED --add-exports=jdk.compiler/com.sun.tools.javac.util=ALL-UNNAMED --add-opens=java.base/java.nio.charset=ALL-UNNAMED --add-opens=java.base/java.net=ALL-UNNAMED --add-opens=java.base/java.util.concurrent.atomic=ALL-UNNAMED -XX:MaxMetaspaceSize=384m -XX:+HeapDumpOnOutOfMemoryError -Xms256m -Xmx512m -Dfile.encoding=utf8 -Duser.country=GB -Duser.language=en -Duser.variant -javaagent:C:\Users\Hp\.gradle\wrapper\dists\gradle-8.9-bin\90cnw93cvbtalezasaz0blq0a\gradle-8.9\lib\agents\gradle-instrumentation-agent-8.9.jar 
java_command: org.gradle.launcher.daemon.bootstrap.GradleDaemon 8.9
java_class_path (initial): C:\Users\Hp\.gradle\wrapper\dists\gradle-8.9-bin\90cnw93cvbtalezasaz0blq0a\gradle-8.9\lib\gradle-daemon-main-8.9.jar
Launcher Type: SUN_STANDARD

[Global flags]
     intx CICompilerCount                          = 3                                         {product} {ergonomic}
   size_t CompressedClassSpaceSize                 = 335544320                                 {product} {ergonomic}
     uint ConcGCThreads                            = 1                                         {product} {ergonomic}
     uint G1ConcRefinementThreads                  = 4                                         {product} {ergonomic}
   size_t G1HeapRegionSize                         = 1048576                                   {product} {ergonomic}
    uintx GCDrainStackTargetSize                   = 64                                        {product} {ergonomic}
     bool HeapDumpOnOutOfMemoryError               = true                                   {manageable} {command line}
   size_t InitialHeapSize                          = 268435456                                 {product} {command line}
   size_t MarkStackSize                            = 4194304                                   {product} {ergonomic}
   size_t MaxHeapSize                              = 536870912                                 {product} {command line}
   size_t MaxMetaspaceSize                         = 402653184                                 {product} {command line}
   size_t MaxNewSize                               = 321912832                                 {product} {ergonomic}
   size_t MinHeapDeltaBytes                        = 1048576                                   {product} {ergonomic}
   size_t MinHeapSize                              = 268435456                                 {product} {command line}
    uintx NonNMethodCodeHeapSize                   = 5832780                                {pd product} {ergonomic}
    uintx NonProfiledCodeHeapSize                  = 122912730                              {pd product} {ergonomic}
    uintx ProfiledCodeHeapSize                     = 122912730                              {pd product} {ergonomic}
    uintx ReservedCodeCacheSize                    = 251658240                              {pd product} {ergonomic}
     bool SegmentedCodeCache                       = true                                      {product} {ergonomic}
   size_t SoftMaxHeapSize                          = 536870912                              {manageable} {ergonomic}
     bool UseCompressedOops                        = true                           {product lp64_product} {ergonomic}
     bool UseG1GC                                  = true                                      {product} {ergonomic}
     bool UseLargePagesIndividualAllocation        = false                                  {pd product} {ergonomic}

Logging:
Log output configuration:
 #0: stdout all=warning uptime,level,tags foldmultilines=false
 #1: stderr all=off uptime,level,tags foldmultilines=false

Release file:
JAVA_VERSION="21.0.10" 
MODULES="java.base java.compiler java.datatransfer java.xml java.prefs java.desktop java.instrument java.logging java.management java.security.sasl java.naming java.rmi java.management.rmi java.net.http java.scripting java.security.jgss java.transaction.xa java.sql java.sql.rowset java.xml.crypto java.se java.smartcardio jdk.accessibility jdk.internal.jvmstat jdk.attach jdk.charsets jdk.internal.opt jdk.zipfs jdk.compiler jdk.crypto.ec jdk.crypto.cryptoki jdk.crypto.mscapi jdk.dynalink jdk.internal.ed jdk.editpad jdk.hotspot.agent jdk.httpserver jdk.internal.le jdk.internal.vm.ci jdk.internal.vm.compiler jdk.internal.vm.compiler.management jdk.jartool jdk.javadoc jdk.jcmd jdk.management jdk.management.agent jdk.jconsole jdk.jdeps jdk.jdwp.agent jdk.jdi jdk.jfr jdk.jshell jdk.jsobject jdk.jstatd jdk.localedata jdk.management.jfr jdk.naming.dns jdk.naming.rmi jdk.net jdk.nio.mapmode jdk.random jdk.sctp jdk.security.auth jdk.security.jgss jdk.unsupported jdk.unsupported.desktop jdk.xml.dom" 

Environment Variables:
PATH=C:\Program Files\Common Files\Oracle\Java\javapath;C:\WINDOWS\system32;C:\WINDOWS;C:\WINDOWS\System32\Wbem;C:\WINDOWS\System32\WindowsPowerShell\v1.0\;C:\WINDOWS\System32\OpenSSH\;C:\Program Files\dotnet\;C:\Program Files (x86)\Windows Kits\10\Windows Performance Toolkit\;C:\ProgramData\chocolatey\bin;C:\Program Files\nodejs\;C:\xampp\php;C:\ProgramData\ComposerSetup\bin;C:\Program Files\Docker\Docker\resources\bin;C:\Program Files\Git\cmd;C:\Users\Hp\.pyenv\pyenv-win\bin;C:\Users\Hp\.pyenv\pyenv-win\shims;C:\Users\Hp\AppData\Local\Programs\Python\Python312\Scripts\;C:\Users\Hp\AppData\Local\Programs\Python\Python312\;C:\Users\Hp\AppData\Local\Programs\Python\Launcher\;C:\Users\Hp\.shorebird\bin;C:\Users\Hp\AppData\Local\Microsoft\WindowsApps;C:\Users\Hp\.dotnet\tools;C:\flutter\bin;C:\Users\Hp\.shorebird\bin;C:\Users\Hp\AppData\Roaming\npm;C:\Users\Hp\AppData\Local\Programs\Kiro\bin;C:\Users\Hp\AppData\Roaming\Composer\vendor\bin;C:\MinGW\bin;C:\Users\Hp\AppData\Local\Programs\Microsoft VS Code\bin;C:\Users\Hp\AppData\Local\Google\Cloud SDK\google-cloud-sdk\bin;C:\Users\Hp\AppData\Local\Programs\cursor\resources\app\bin;C:\Users\Hp\AppData\Local\Programs\Antigravity IDE\bin
USERNAME=Hp
OS=Windows_NT
PROCESSOR_IDENTIFIER=Intel64 Family 6 Model 142 Stepping 9, GenuineIntel
TMP=C:\Users\Hp\AppData\Local\Temp
TEMP=C:\Users\Hp\AppData\Local\Temp




Periodic native trim disabled

---------------  S Y S T E M  ---------------

OS:
 Windows 11 , 64 bit Build 26100 (10.0.26100.8328)
OS uptime: 0 days 4:35 hours
Hyper-V role detected

CPU: total 4 (initial active 4) (2 cores per cpu, 2 threads per core) family 6 model 142 stepping 9 microcode 0xf4, cx8, cmov, fxsr, ht, mmx, 3dnowpref, sse, sse2, sse3, ssse3, sse4.1, sse4.2, popcnt, lzcnt, tsc, tscinvbit, avx, avx2, aes, erms, clmul, bmi1, bmi2, adx, fma, vzeroupper, clflush, clflushopt, hv, rdtscp, f16c
Processor Information for the first 4 processors :
  Max Mhz: 2904, Current Mhz: 2703, Mhz Limit: 2700

Memory: 4k page, system-wide physical 8067M (634M free)
TotalPageFile size 32643M (AvailPageFile size 5M)
current process WorkingSet (physical memory assigned to process): 412M, peak: 512M
current process commit charge ("private bytes"): 566M, peak: 586M

vm_info: OpenJDK 64-Bit Server VM (21.0.10+7-LTS) for windows-amd64 JRE (21.0.10+7-LTS), built on 2026-01-20T00:00:00Z by "admin" with MS VC++ 17.12 (VS2022)

END.
